
**** Build of configuration Debug for project Lab5 ****

/Applications/ti/ccs1000/ccs/utils/bin/gmake -k -j 3 all -O 
 
Building file: "../main.c"
Invoking: MSP430 Compiler
"/Applications/ti/ccs1000/ccs/tools/compiler/ti-cgt-msp430_20.2.0.LTS/bin/cl430" -vmsp --use_hw_mpy=none --include_path="/Applications/ti/ccs1000/ccs/ccs_base/msp430/include" --include_path="/Users/keino/Desktop/Desktop Items/School Work/FAU - Summer 2020/CDA 3331/Labs/Lab 5/Lab5" --include_path="/Applications/ti/ccs1000/ccs/tools/compiler/ti-cgt-msp430_20.2.0.LTS/include" --advice:power=all --define=__MSP430G2553__ -g --printf_support=minimal --diag_warning=225 --diag_wrap=off --display_error_number --preproc_with_compile --preproc_dependency="main.d_raw"  "../main.c"
"../main.c", line 92: remark #1527-D: (ULP 2.1) Detected SW delay loop using __delay_cycles. Recommend using a timer module instead
"../main.c", line 111: remark #2553-D: (ULP 14.1) Array index (involving "leftdigit") of type "int". Recommend using "unsigned int"
"../main.c", line 112: remark #2553-D: (ULP 14.1) Array index (involving "rightdigit") of type "int". Recommend using "unsigned int"
Finished building: "../main.c"
 
Building target: "Lab5.out"
Invoking: MSP430 Linker
"/Applications/ti/ccs1000/ccs/tools/compiler/ti-cgt-msp430_20.2.0.LTS/bin/cl430" -vmsp --use_hw_mpy=none --advice:power=all --define=__MSP430G2553__ -g --printf_support=minimal --diag_warning=225 --diag_wrap=off --display_error_number -z -m"Lab5.map" --heap_size=80 --stack_size=80 -i"/Applications/ti/ccs1000/ccs/ccs_base/msp430/include" -i"/Applications/ti/ccs1000/ccs/tools/compiler/ti-cgt-msp430_20.2.0.LTS/lib" -i"/Applications/ti/ccs1000/ccs/tools/compiler/ti-cgt-msp430_20.2.0.LTS/include" --reread_libs --diag_wrap=off --display_error_number --warn_sections --xml_link_info="Lab5_linkInfo.xml" --use_hw_mpy=none --rom_model -o "Lab5.out" "./main.obj" "../lnk_msp430g2553.cmd"  -llibc.a 
<Linking>
remark #10371-D: (ULP 1.1) Detected no uses of low power mode state changing instructions
remark #10372-D: (ULP 4.1) Detected uninitialized Port 3 in this project. Recommend initializing all unused ports to eliminate wasted current consumption on unused pins.
Finished building target: "Lab5.out"
 

**** Build Finished ****

**** Build of configuration Debug for project Lab5 ****

/Applications/ti/ccs1000/ccs/utils/bin/gmake -k -j 3 all -O 
 
gmake[1]: 'Lab5.out' is up to date.

**** Build Finished ****

**** Build of configuration Debug for project Lab5 ****

/Applications/ti/ccs1000/ccs/utils/bin/gmake -k -j 3 all -O 
 
gmake[1]: 'Lab5.out' is up to date.

**** Build Finished ****

**** Build of configuration Debug for project Lab5 ****

/Applications/ti/ccs1000/ccs/utils/bin/gmake -k -j 3 all -O 
 
gmake[1]: 'Lab5.out' is up to date.

**** Build Finished ****

**** Build of configuration Debug for project Lab5 ****

/Applications/ti/ccs1000/ccs/utils/bin/gmake -k -j 3 all -O 
 
Building file: "../main.c"
Invoking: MSP430 Compiler
"/Applications/ti/ccs1000/ccs/tools/compiler/ti-cgt-msp430_20.2.0.LTS/bin/cl430" -vmsp --use_hw_mpy=none --include_path="/Applications/ti/ccs1000/ccs/ccs_base/msp430/include" --include_path="/Users/keino/Desktop/Desktop Items/School Work/FAU - Summer 2020/CDA 3331/Labs/Lab 5/Lab5" --include_path="/Applications/ti/ccs1000/ccs/tools/compiler/ti-cgt-msp430_20.2.0.LTS/include" --advice:power=all --define=__MSP430G2553__ -g --printf_support=minimal --diag_warning=225 --diag_wrap=off --display_error_number --preproc_with_compile --preproc_dependency="main.d_raw"  "../main.c"
 
>> Compilation failure
subdir_rules.mk:7: recipe for target 'main.obj' failed
"../main.c", line 92: remark #1527-D: (ULP 2.1) Detected SW delay loop using __delay_cycles. Recommend using a timer module instead
"../main.c", line 116: error #29: expected an expression
"../main.c", line 123: error #29: expected an expression
"../main.c", line 125: error #66: expected a ";"
"../main.c", line 120: remark #2553-D: (ULP 14.1) Array index (involving "leftdigit") of type "int". Recommend using "unsigned int"
"../main.c", line 121: remark #2553-D: (ULP 14.1) Array index (involving "rightdigit") of type "int". Recommend using "unsigned int"
3 errors detected in the compilation of "../main.c".
gmake: *** [main.obj] Error 1
gmake: Target 'all' not remade because of errors.

**** Build Finished ****

**** Build of configuration Debug for project Lab5 ****

/Applications/ti/ccs1000/ccs/utils/bin/gmake -k -j 3 all -O 
 
Building file: "../main.c"
Invoking: MSP430 Compiler
"/Applications/ti/ccs1000/ccs/tools/compiler/ti-cgt-msp430_20.2.0.LTS/bin/cl430" -vmsp --use_hw_mpy=none --include_path="/Applications/ti/ccs1000/ccs/ccs_base/msp430/include" --include_path="/Users/keino/Desktop/Desktop Items/School Work/FAU - Summer 2020/CDA 3331/Labs/Lab 5/Lab5" --include_path="/Applications/ti/ccs1000/ccs/tools/compiler/ti-cgt-msp430_20.2.0.LTS/include" --advice:power=all --define=__MSP430G2553__ -g --printf_support=minimal --diag_warning=225 --diag_wrap=off --display_error_number --preproc_with_compile --preproc_dependency="main.d_raw"  "../main.c"
 
>> Compilation failure
subdir_rules.mk:7: recipe for target 'main.obj' failed
"../main.c", line 92: remark #1527-D: (ULP 2.1) Detected SW delay loop using __delay_cycles. Recommend using a timer module instead
"../main.c", line 123: error #29: expected an expression
"../main.c", line 125: error #66: expected a ";"
"../main.c", line 120: remark #2553-D: (ULP 14.1) Array index (involving "leftdigit") of type "int". Recommend using "unsigned int"
"../main.c", line 121: remark #2553-D: (ULP 14.1) Array index (involving "rightdigit") of type "int". Recommend using "unsigned int"
2 errors detected in the compilation of "../main.c".
gmake: *** [main.obj] Error 1
gmake: Target 'all' not remade because of errors.

**** Build Finished ****

**** Build of configuration Debug for project Lab5 ****

/Applications/ti/ccs1000/ccs/utils/bin/gmake -k -j 3 all -O 
 
Building file: "../main.c"
Invoking: MSP430 Compiler
"/Applications/ti/ccs1000/ccs/tools/compiler/ti-cgt-msp430_20.2.0.LTS/bin/cl430" -vmsp --use_hw_mpy=none --include_path="/Applications/ti/ccs1000/ccs/ccs_base/msp430/include" --include_path="/Users/keino/Desktop/Desktop Items/School Work/FAU - Summer 2020/CDA 3331/Labs/Lab 5/Lab5" --include_path="/Applications/ti/ccs1000/ccs/tools/compiler/ti-cgt-msp430_20.2.0.LTS/include" --advice:power=all --define=__MSP430G2553__ -g --printf_support=minimal --diag_warning=225 --diag_wrap=off --display_error_number --preproc_with_compile --preproc_dependency="main.d_raw"  "../main.c"
 
>> Compilation failure
subdir_rules.mk:7: recipe for target 'main.obj' failed
"../main.c", line 92: remark #1527-D: (ULP 2.1) Detected SW delay loop using __delay_cycles. Recommend using a timer module instead
"../main.c", line 123: error #29: expected an expression
"../main.c", line 125: error #66: expected a ";"
"../main.c", line 120: remark #2553-D: (ULP 14.1) Array index (involving "leftdigit") of type "int". Recommend using "unsigned int"
"../main.c", line 121: remark #2553-D: (ULP 14.1) Array index (involving "rightdigit") of type "int". Recommend using "unsigned int"
2 errors detected in the compilation of "../main.c".
gmake: *** [main.obj] Error 1
gmake: Target 'all' not remade because of errors.

**** Build Finished ****

**** Build of configuration Debug for project Lab5 ****

/Applications/ti/ccs1000/ccs/utils/bin/gmake -k -j 3 all -O 
 
Building file: "../main.c"
Invoking: MSP430 Compiler
"/Applications/ti/ccs1000/ccs/tools/compiler/ti-cgt-msp430_20.2.0.LTS/bin/cl430" -vmsp --use_hw_mpy=none --include_path="/Applications/ti/ccs1000/ccs/ccs_base/msp430/include" --include_path="/Users/keino/Desktop/Desktop Items/School Work/FAU - Summer 2020/CDA 3331/Labs/Lab 5/Lab5" --include_path="/Applications/ti/ccs1000/ccs/tools/compiler/ti-cgt-msp430_20.2.0.LTS/include" --advice:power=all --define=__MSP430G2553__ -g --printf_support=minimal --diag_warning=225 --diag_wrap=off --display_error_number --preproc_with_compile --preproc_dependency="main.d_raw"  "../main.c"
"../main.c", line 92: remark #1527-D: (ULP 2.1) Detected SW delay loop using __delay_cycles. Recommend using a timer module instead
"../main.c", line 120: remark #2553-D: (ULP 14.1) Array index (involving "leftdigit") of type "int". Recommend using "unsigned int"
"../main.c", line 121: remark #2553-D: (ULP 14.1) Array index (involving "rightdigit") of type "int". Recommend using "unsigned int"
Finished building: "../main.c"
 
Building target: "Lab5.out"
Invoking: MSP430 Linker
"/Applications/ti/ccs1000/ccs/tools/compiler/ti-cgt-msp430_20.2.0.LTS/bin/cl430" -vmsp --use_hw_mpy=none --advice:power=all --define=__MSP430G2553__ -g --printf_support=minimal --diag_warning=225 --diag_wrap=off --display_error_number -z -m"Lab5.map" --heap_size=80 --stack_size=80 -i"/Applications/ti/ccs1000/ccs/ccs_base/msp430/include" -i"/Applications/ti/ccs1000/ccs/tools/compiler/ti-cgt-msp430_20.2.0.LTS/lib" -i"/Applications/ti/ccs1000/ccs/tools/compiler/ti-cgt-msp430_20.2.0.LTS/include" --reread_libs --diag_wrap=off --display_error_number --warn_sections --xml_link_info="Lab5_linkInfo.xml" --use_hw_mpy=none --rom_model -o "Lab5.out" "./main.obj" "../lnk_msp430g2553.cmd"  -llibc.a 
<Linking>
remark #10371-D: (ULP 1.1) Detected no uses of low power mode state changing instructions
remark #10372-D: (ULP 4.1) Detected uninitialized Port 3 in this project. Recommend initializing all unused ports to eliminate wasted current consumption on unused pins.
Finished building target: "Lab5.out"
 

**** Build Finished ****

**** Build of configuration Debug for project Lab5 ****

/Applications/ti/ccs1000/ccs/utils/bin/gmake -k -j 3 all -O 
 
gmake[1]: 'Lab5.out' is up to date.

**** Build Finished ****

**** Build of configuration Debug for project Lab5 ****

/Applications/ti/ccs1000/ccs/utils/bin/gmake -k -j 3 all -O 
 
Building file: "../main.c"
Invoking: MSP430 Compiler
"/Applications/ti/ccs1000/ccs/tools/compiler/ti-cgt-msp430_20.2.0.LTS/bin/cl430" -vmsp --use_hw_mpy=none --include_path="/Applications/ti/ccs1000/ccs/ccs_base/msp430/include" --include_path="/Users/keino/Desktop/Desktop Items/School Work/FAU - Summer 2020/CDA 3331/Labs/Lab 5/Lab5" --include_path="/Applications/ti/ccs1000/ccs/tools/compiler/ti-cgt-msp430_20.2.0.LTS/include" --advice:power=all --define=__MSP430G2553__ -g --printf_support=minimal --diag_warning=225 --diag_wrap=off --display_error_number --preproc_with_compile --preproc_dependency="main.d_raw"  "../main.c"
"../main.c", line 92: remark #1527-D: (ULP 2.1) Detected SW delay loop using __delay_cycles. Recommend using a timer module instead
"../main.c", line 120: remark #2553-D: (ULP 14.1) Array index (involving "leftdigit") of type "int". Recommend using "unsigned int"
"../main.c", line 121: remark #2553-D: (ULP 14.1) Array index (involving "rightdigit") of type "int". Recommend using "unsigned int"
Finished building: "../main.c"
 
Building target: "Lab5.out"
Invoking: MSP430 Linker
"/Applications/ti/ccs1000/ccs/tools/compiler/ti-cgt-msp430_20.2.0.LTS/bin/cl430" -vmsp --use_hw_mpy=none --advice:power=all --define=__MSP430G2553__ -g --printf_support=minimal --diag_warning=225 --diag_wrap=off --display_error_number -z -m"Lab5.map" --heap_size=80 --stack_size=80 -i"/Applications/ti/ccs1000/ccs/ccs_base/msp430/include" -i"/Applications/ti/ccs1000/ccs/tools/compiler/ti-cgt-msp430_20.2.0.LTS/lib" -i"/Applications/ti/ccs1000/ccs/tools/compiler/ti-cgt-msp430_20.2.0.LTS/include" --reread_libs --diag_wrap=off --display_error_number --warn_sections --xml_link_info="Lab5_linkInfo.xml" --use_hw_mpy=none --rom_model -o "Lab5.out" "./main.obj" "../lnk_msp430g2553.cmd"  -llibc.a 
<Linking>
remark #10371-D: (ULP 1.1) Detected no uses of low power mode state changing instructions
remark #10372-D: (ULP 4.1) Detected uninitialized Port 3 in this project. Recommend initializing all unused ports to eliminate wasted current consumption on unused pins.
Finished building target: "Lab5.out"
 

**** Build Finished ****

**** Build of configuration Debug for project Lab5 ****

/Applications/ti/ccs1000/ccs/utils/bin/gmake -k -j 3 all -O 
 
gmake[1]: 'Lab5.out' is up to date.

**** Build Finished ****

**** Build of configuration Debug for project Lab5 ****

/Applications/ti/ccs1000/ccs/utils/bin/gmake -k -j 3 all -O 
 
gmake[1]: 'Lab5.out' is up to date.

**** Build Finished ****

**** Build of configuration Debug for project Lab5 ****

/Applications/ti/ccs1000/ccs/utils/bin/gmake -k -j 3 all -O 
 
gmake[1]: 'Lab5.out' is up to date.

**** Build Finished ****

**** Build of configuration Debug for project Lab5 ****

/Applications/ti/ccs1000/ccs/utils/bin/gmake -k -j 3 all -O 
 
Building file: "../main.c"
Invoking: MSP430 Compiler
"/Applications/ti/ccs1000/ccs/tools/compiler/ti-cgt-msp430_20.2.0.LTS/bin/cl430" -vmsp --use_hw_mpy=none --include_path="/Applications/ti/ccs1000/ccs/ccs_base/msp430/include" --include_path="/Users/keino/Desktop/Desktop Items/School Work/FAU - Summer 2020/CDA 3331/Labs/Lab 5/Lab5" --include_path="/Applications/ti/ccs1000/ccs/tools/compiler/ti-cgt-msp430_20.2.0.LTS/include" --advice:power=all --define=__MSP430G2553__ -g --printf_support=minimal --diag_warning=225 --diag_wrap=off --display_error_number --preproc_with_compile --preproc_dependency="main.d_raw"  "../main.c"
"../main.c", line 92: remark #1527-D: (ULP 2.1) Detected SW delay loop using __delay_cycles. Recommend using a timer module instead
"../main.c", line 111: remark #2553-D: (ULP 14.1) Array index (involving "leftdigit") of type "int". Recommend using "unsigned int"
"../main.c", line 112: remark #2553-D: (ULP 14.1) Array index (involving "rightdigit") of type "int". Recommend using "unsigned int"
Finished building: "../main.c"
 
Building target: "Lab5.out"
Invoking: MSP430 Linker
"/Applications/ti/ccs1000/ccs/tools/compiler/ti-cgt-msp430_20.2.0.LTS/bin/cl430" -vmsp --use_hw_mpy=none --advice:power=all --define=__MSP430G2553__ -g --printf_support=minimal --diag_warning=225 --diag_wrap=off --display_error_number -z -m"Lab5.map" --heap_size=80 --stack_size=80 -i"/Applications/ti/ccs1000/ccs/ccs_base/msp430/include" -i"/Applications/ti/ccs1000/ccs/tools/compiler/ti-cgt-msp430_20.2.0.LTS/lib" -i"/Applications/ti/ccs1000/ccs/tools/compiler/ti-cgt-msp430_20.2.0.LTS/include" --reread_libs --diag_wrap=off --display_error_number --warn_sections --xml_link_info="Lab5_linkInfo.xml" --use_hw_mpy=none --rom_model -o "Lab5.out" "./main.obj" "../lnk_msp430g2553.cmd"  -llibc.a 
<Linking>
remark #10371-D: (ULP 1.1) Detected no uses of low power mode state changing instructions
remark #10372-D: (ULP 4.1) Detected uninitialized Port 3 in this project. Recommend initializing all unused ports to eliminate wasted current consumption on unused pins.
Finished building target: "Lab5.out"
 

**** Build Finished ****

**** Build of configuration Debug for project Lab5 ****

/Applications/ti/ccs1000/ccs/utils/bin/gmake -k -j 3 all -O 
 
gmake[1]: 'Lab5.out' is up to date.

**** Build Finished ****

**** Build of configuration Debug for project Lab5 ****

/Applications/ti/ccs1000/ccs/utils/bin/gmake -k -j 3 all -O 
 
gmake[1]: 'Lab5.out' is up to date.

**** Build Finished ****

**** Build of configuration Debug for project Lab5 ****

/Applications/ti/ccs1000/ccs/utils/bin/gmake -k -j 3 all -O 
 
Building file: "../main.c"
Invoking: MSP430 Compiler
"/Applications/ti/ccs1000/ccs/tools/compiler/ti-cgt-msp430_20.2.0.LTS/bin/cl430" -vmsp --use_hw_mpy=none --include_path="/Applications/ti/ccs1000/ccs/ccs_base/msp430/include" --include_path="/Users/keino/Desktop/Desktop Items/School Work/FAU - Summer 2020/CDA 3331/Labs/Lab 5/Lab5" --include_path="/Applications/ti/ccs1000/ccs/tools/compiler/ti-cgt-msp430_20.2.0.LTS/include" --advice:power=all --define=__MSP430G2553__ -g --printf_support=minimal --diag_warning=225 --diag_wrap=off --display_error_number --preproc_with_compile --preproc_dependency="main.d_raw"  "../main.c"
"../main.c", line 125: remark #1527-D: (ULP 2.1) Detected SW delay loop using __delay_cycles. Recommend using a timer module instead
"../main.c", line 144: remark #2553-D: (ULP 14.1) Array index (involving "leftdigit") of type "int". Recommend using "unsigned int"
"../main.c", line 145: remark #2553-D: (ULP 14.1) Array index (involving "rightdigit") of type "int". Recommend using "unsigned int"
Finished building: "../main.c"
 
Building target: "Lab5.out"
Invoking: MSP430 Linker
"/Applications/ti/ccs1000/ccs/tools/compiler/ti-cgt-msp430_20.2.0.LTS/bin/cl430" -vmsp --use_hw_mpy=none --advice:power=all --define=__MSP430G2553__ -g --printf_support=minimal --diag_warning=225 --diag_wrap=off --display_error_number -z -m"Lab5.map" --heap_size=80 --stack_size=80 -i"/Applications/ti/ccs1000/ccs/ccs_base/msp430/include" -i"/Applications/ti/ccs1000/ccs/tools/compiler/ti-cgt-msp430_20.2.0.LTS/lib" -i"/Applications/ti/ccs1000/ccs/tools/compiler/ti-cgt-msp430_20.2.0.LTS/include" --reread_libs --diag_wrap=off --display_error_number --warn_sections --xml_link_info="Lab5_linkInfo.xml" --use_hw_mpy=none --rom_model -o "Lab5.out" "./main.obj" "../lnk_msp430g2553.cmd"  -llibc.a 
<Linking>
remark #10371-D: (ULP 1.1) Detected no uses of low power mode state changing instructions
remark #10372-D: (ULP 4.1) Detected uninitialized Port 3 in this project. Recommend initializing all unused ports to eliminate wasted current consumption on unused pins.
Finished building target: "Lab5.out"
 

**** Build Finished ****

**** Build of configuration Debug for project Lab5 ****

/Applications/ti/ccs1000/ccs/utils/bin/gmake -k -j 3 all -O 
 
gmake[1]: 'Lab5.out' is up to date.

**** Build Finished ****

**** Build of configuration Debug for project Lab5 ****

/Applications/ti/ccs1000/ccs/utils/bin/gmake -k -j 3 all -O 
 
Building file: "../main.c"
Invoking: MSP430 Compiler
"/Applications/ti/ccs1000/ccs/tools/compiler/ti-cgt-msp430_20.2.0.LTS/bin/cl430" -vmsp --use_hw_mpy=none --include_path="/Applications/ti/ccs1000/ccs/ccs_base/msp430/include" --include_path="/Users/keino/Desktop/Desktop Items/School Work/FAU - Summer 2020/CDA 3331/Labs/Lab 5/Lab5" --include_path="/Applications/ti/ccs1000/ccs/tools/compiler/ti-cgt-msp430_20.2.0.LTS/include" --advice:power=all --define=__MSP430G2553__ -g --printf_support=minimal --diag_warning=225 --diag_wrap=off --display_error_number --preproc_with_compile --preproc_dependency="main.d_raw"  "../main.c"
 
>> Compilation failure
subdir_rules.mk:7: recipe for target 'main.obj' failed
"../main.c", line 92: remark #1527-D: (ULP 2.1) Detected SW delay loop using __delay_cycles. Recommend using a timer module instead
"../main.c", line 108: error #20: identifier "Display" is undefined
"../main.c", line 108: error #66: expected a ";"
"../main.c", line 111: remark #2553-D: (ULP 14.1) Array index (involving "leftdigit") of type "int". Recommend using "unsigned int"
"../main.c", line 112: remark #2553-D: (ULP 14.1) Array index (involving "rightdigit") of type "int". Recommend using "unsigned int"
2 errors detected in the compilation of "../main.c".
gmake: *** [main.obj] Error 1
gmake: Target 'all' not remade because of errors.

**** Build Finished ****

**** Build of configuration Debug for project Lab5 ****

/Applications/ti/ccs1000/ccs/utils/bin/gmake -k -j 3 all -O 
 
Building file: "../main.c"
Invoking: MSP430 Compiler
"/Applications/ti/ccs1000/ccs/tools/compiler/ti-cgt-msp430_20.2.0.LTS/bin/cl430" -vmsp --use_hw_mpy=none --include_path="/Applications/ti/ccs1000/ccs/ccs_base/msp430/include" --include_path="/Users/keino/Desktop/Desktop Items/School Work/FAU - Summer 2020/CDA 3331/Labs/Lab 5/Lab5" --include_path="/Applications/ti/ccs1000/ccs/tools/compiler/ti-cgt-msp430_20.2.0.LTS/include" --advice:power=all --define=__MSP430G2553__ -g --printf_support=minimal --diag_warning=225 --diag_wrap=off --display_error_number --preproc_with_compile --preproc_dependency="main.d_raw"  "../main.c"
"../main.c", line 92: remark #1527-D: (ULP 2.1) Detected SW delay loop using __delay_cycles. Recommend using a timer module instead
"../main.c", line 111: remark #2553-D: (ULP 14.1) Array index (involving "leftdigit") of type "int". Recommend using "unsigned int"
"../main.c", line 112: remark #2553-D: (ULP 14.1) Array index (involving "rightdigit") of type "int". Recommend using "unsigned int"
Finished building: "../main.c"
 
Building target: "Lab5.out"
Invoking: MSP430 Linker
"/Applications/ti/ccs1000/ccs/tools/compiler/ti-cgt-msp430_20.2.0.LTS/bin/cl430" -vmsp --use_hw_mpy=none --advice:power=all --define=__MSP430G2553__ -g --printf_support=minimal --diag_warning=225 --diag_wrap=off --display_error_number -z -m"Lab5.map" --heap_size=80 --stack_size=80 -i"/Applications/ti/ccs1000/ccs/ccs_base/msp430/include" -i"/Applications/ti/ccs1000/ccs/tools/compiler/ti-cgt-msp430_20.2.0.LTS/lib" -i"/Applications/ti/ccs1000/ccs/tools/compiler/ti-cgt-msp430_20.2.0.LTS/include" --reread_libs --diag_wrap=off --display_error_number --warn_sections --xml_link_info="Lab5_linkInfo.xml" --use_hw_mpy=none --rom_model -o "Lab5.out" "./main.obj" "../lnk_msp430g2553.cmd"  -llibc.a 
<Linking>
remark #10371-D: (ULP 1.1) Detected no uses of low power mode state changing instructions
remark #10372-D: (ULP 4.1) Detected uninitialized Port 3 in this project. Recommend initializing all unused ports to eliminate wasted current consumption on unused pins.
Finished building target: "Lab5.out"
 

**** Build Finished ****

**** Build of configuration Debug for project Lab5 ****

/Applications/ti/ccs1000/ccs/utils/bin/gmake -k -j 3 all -O 
 
gmake[1]: 'Lab5.out' is up to date.

**** Build Finished ****

**** Build of configuration Debug for project Lab5 ****

/Applications/ti/ccs1000/ccs/utils/bin/gmake -k -j 3 all -O 
 
Building file: "../main.c"
Invoking: MSP430 Compiler
"/Applications/ti/ccs1000/ccs/tools/compiler/ti-cgt-msp430_20.2.0.LTS/bin/cl430" -vmsp --use_hw_mpy=none --include_path="/Applications/ti/ccs1000/ccs/ccs_base/msp430/include" --include_path="/Users/keino/Desktop/Desktop Items/School Work/FAU - Summer 2020/CDA 3331/Labs/Lab 5/Lab5" --include_path="/Applications/ti/ccs1000/ccs/tools/compiler/ti-cgt-msp430_20.2.0.LTS/include" --advice:power=all --define=__MSP430G2553__ -g --printf_support=minimal --diag_warning=225 --diag_wrap=off --display_error_number --preproc_with_compile --preproc_dependency="main.d_raw"  "../main.c"
 
>> Compilation failure
subdir_rules.mk:7: recipe for target 'main.obj' failed
"../main.c", line 103: warning #1111-D: pragma vector can only be applied to a function definition, not "WDT" (declared at line 104)
"../main.c", line 105: error #66: expected a ";"
At end of source: warning #12-D: parsing restarts here after previous syntax error
At end of source: error #68: expected a "}"
"../main.c", line 96: remark #1527-D: (ULP 2.1) Detected SW delay loop using __delay_cycles. Recommend using a timer module instead
"../main.c", line 27: remark #1535-D: (ULP 8.1) variable "flag" is used as a constant. Recommend declaring variable as either 'static const' or 'const'
2 errors detected in the compilation of "../main.c".
gmake: *** [main.obj] Error 1
gmake: Target 'all' not remade because of errors.

**** Build Finished ****

**** Build of configuration Debug for project Lab5 ****

/Applications/ti/ccs1000/ccs/utils/bin/gmake -k -j 3 all -O 
 
Building file: "../main.c"
Invoking: MSP430 Compiler
"/Applications/ti/ccs1000/ccs/tools/compiler/ti-cgt-msp430_20.2.0.LTS/bin/cl430" -vmsp --use_hw_mpy=none --include_path="/Applications/ti/ccs1000/ccs/ccs_base/msp430/include" --include_path="/Users/keino/Desktop/Desktop Items/School Work/FAU - Summer 2020/CDA 3331/Labs/Lab 5/Lab5" --include_path="/Applications/ti/ccs1000/ccs/tools/compiler/ti-cgt-msp430_20.2.0.LTS/include" --advice:power=all --define=__MSP430G2553__ -g --printf_support=minimal --diag_warning=225 --diag_wrap=off --display_error_number --preproc_with_compile --preproc_dependency="main.d_raw"  "../main.c"
 
>> Compilation failure
subdir_rules.mk:7: recipe for target 'main.obj' failed
"../main.c", line 103: warning #1111-D: pragma vector can only be applied to a function definition, not "WDT" (declared at line 104)
"../main.c", line 105: error #66: expected a ";"
At end of source: warning #12-D: parsing restarts here after previous syntax error
At end of source: error #68: expected a "}"
"../main.c", line 96: remark #1527-D: (ULP 2.1) Detected SW delay loop using __delay_cycles. Recommend using a timer module instead
"../main.c", line 27: remark #1535-D: (ULP 8.1) variable "flag" is used as a constant. Recommend declaring variable as either 'static const' or 'const'
2 errors detected in the compilation of "../main.c".
gmake: *** [main.obj] Error 1
gmake: Target 'all' not remade because of errors.

**** Build Finished ****

**** Build of configuration Debug for project Lab5 ****

/Applications/ti/ccs1000/ccs/utils/bin/gmake -k -j 3 all -O 
 
Building file: "../main.c"
Invoking: MSP430 Compiler
"/Applications/ti/ccs1000/ccs/tools/compiler/ti-cgt-msp430_20.2.0.LTS/bin/cl430" -vmsp --use_hw_mpy=none --include_path="/Applications/ti/ccs1000/ccs/ccs_base/msp430/include" --include_path="/Users/keino/Desktop/Desktop Items/School Work/FAU - Summer 2020/CDA 3331/Labs/Lab 5/Lab5" --include_path="/Applications/ti/ccs1000/ccs/tools/compiler/ti-cgt-msp430_20.2.0.LTS/include" --advice:power=all --define=__MSP430G2553__ -g --printf_support=minimal --diag_warning=225 --diag_wrap=off --display_error_number --preproc_with_compile --preproc_dependency="main.d_raw"  "../main.c"
 
>> Compilation failure
subdir_rules.mk:7: recipe for target 'main.obj' failed
"../main.c", line 103: warning #1111-D: pragma vector can only be applied to a function definition, not "WDT" (declared at line 104)
"../main.c", line 105: error #66: expected a ";"
At end of source: warning #12-D: parsing restarts here after previous syntax error
At end of source: error #68: expected a "}"
"../main.c", line 96: remark #1527-D: (ULP 2.1) Detected SW delay loop using __delay_cycles. Recommend using a timer module instead
"../main.c", line 27: remark #1535-D: (ULP 8.1) variable "flag" is used as a constant. Recommend declaring variable as either 'static const' or 'const'
2 errors detected in the compilation of "../main.c".
gmake: *** [main.obj] Error 1
gmake: Target 'all' not remade because of errors.

**** Build Finished ****

**** Build of configuration Debug for project Lab5 ****

/Applications/ti/ccs1000/ccs/utils/bin/gmake -k -j 3 all -O 
 
Building file: "../main.c"
Invoking: MSP430 Compiler
"/Applications/ti/ccs1000/ccs/tools/compiler/ti-cgt-msp430_20.2.0.LTS/bin/cl430" -vmsp --use_hw_mpy=none --include_path="/Applications/ti/ccs1000/ccs/ccs_base/msp430/include" --include_path="/Users/keino/Desktop/Desktop Items/School Work/FAU - Summer 2020/CDA 3331/Labs/Lab 5/Lab5" --include_path="/Applications/ti/ccs1000/ccs/tools/compiler/ti-cgt-msp430_20.2.0.LTS/include" --advice:power=all --define=__MSP430G2553__ -g --printf_support=minimal --diag_warning=225 --diag_wrap=off --display_error_number --preproc_with_compile --preproc_dependency="main.d_raw"  "../main.c"
 
>> Compilation failure
subdir_rules.mk:7: recipe for target 'main.obj' failed
"../main.c", line 103: warning #1111-D: pragma vector can only be applied to a function definition, not "WDT" (declared at line 104)
"../main.c", line 105: error #66: expected a ";"
At end of source: warning #12-D: parsing restarts here after previous syntax error
At end of source: error #68: expected a "}"
"../main.c", line 96: remark #1527-D: (ULP 2.1) Detected SW delay loop using __delay_cycles. Recommend using a timer module instead
"../main.c", line 27: remark #1535-D: (ULP 8.1) variable "flag" is used as a constant. Recommend declaring variable as either 'static const' or 'const'
2 errors detected in the compilation of "../main.c".
gmake: *** [main.obj] Error 1
gmake: Target 'all' not remade because of errors.

**** Build Finished ****

**** Build of configuration Debug for project Lab5 ****

/Applications/ti/ccs1000/ccs/utils/bin/gmake -k -j 3 all -O 
 
Building file: "../main.c"
Invoking: MSP430 Compiler
"/Applications/ti/ccs1000/ccs/tools/compiler/ti-cgt-msp430_20.2.0.LTS/bin/cl430" -vmsp --use_hw_mpy=none --include_path="/Applications/ti/ccs1000/ccs/ccs_base/msp430/include" --include_path="/Users/keino/Desktop/Desktop Items/School Work/FAU - Summer 2020/CDA 3331/Labs/Lab 5/Lab5" --include_path="/Applications/ti/ccs1000/ccs/tools/compiler/ti-cgt-msp430_20.2.0.LTS/include" --advice:power=all --define=__MSP430G2553__ -g --printf_support=minimal --diag_warning=225 --diag_wrap=off --display_error_number --preproc_with_compile --preproc_dependency="main.d_raw"  "../main.c"
 
>> Compilation failure
subdir_rules.mk:7: recipe for target 'main.obj' failed
"../main.c", line 103: warning #1111-D: pragma vector can only be applied to a function definition, not "WDT" (declared at line 104)
"../main.c", line 105: error #66: expected a ";"
At end of source: warning #12-D: parsing restarts here after previous syntax error
At end of source: error #68: expected a "}"
"../main.c", line 96: remark #1527-D: (ULP 2.1) Detected SW delay loop using __delay_cycles. Recommend using a timer module instead
"../main.c", line 27: remark #1535-D: (ULP 8.1) variable "flag" is used as a constant. Recommend declaring variable as either 'static const' or 'const'
2 errors detected in the compilation of "../main.c".
gmake: *** [main.obj] Error 1
gmake: Target 'all' not remade because of errors.

**** Build Finished ****

**** Build of configuration Debug for project Lab5 ****

/Applications/ti/ccs1000/ccs/utils/bin/gmake -k -j 3 all -O 
 
Building file: "../main.c"
Invoking: MSP430 Compiler
"/Applications/ti/ccs1000/ccs/tools/compiler/ti-cgt-msp430_20.2.0.LTS/bin/cl430" -vmsp --use_hw_mpy=none --include_path="/Applications/ti/ccs1000/ccs/ccs_base/msp430/include" --include_path="/Users/keino/Desktop/Desktop Items/School Work/FAU - Summer 2020/CDA 3331/Labs/Lab 5/Lab5" --include_path="/Applications/ti/ccs1000/ccs/tools/compiler/ti-cgt-msp430_20.2.0.LTS/include" --advice:power=all --define=__MSP430G2553__ -g --printf_support=minimal --diag_warning=225 --diag_wrap=off --display_error_number --preproc_with_compile --preproc_dependency="main.d_raw"  "../main.c"
 
>> Compilation failure
subdir_rules.mk:7: recipe for target 'main.obj' failed
"../main.c", line 103: warning #1111-D: pragma vector can only be applied to a function definition, not "WDT" (declared at line 104)
"../main.c", line 105: error #66: expected a ";"
At end of source: warning #12-D: parsing restarts here after previous syntax error
At end of source: error #68: expected a "}"
"../main.c", line 96: remark #1527-D: (ULP 2.1) Detected SW delay loop using __delay_cycles. Recommend using a timer module instead
"../main.c", line 27: remark #1535-D: (ULP 8.1) variable "flag" is used as a constant. Recommend declaring variable as either 'static const' or 'const'
2 errors detected in the compilation of "../main.c".
gmake: *** [main.obj] Error 1
gmake: Target 'all' not remade because of errors.

**** Build Finished ****

**** Build of configuration Debug for project Lab5 ****

/Applications/ti/ccs1000/ccs/utils/bin/gmake -k -j 3 all -O 
 
Building file: "../main.c"
Invoking: MSP430 Compiler
"/Applications/ti/ccs1000/ccs/tools/compiler/ti-cgt-msp430_20.2.0.LTS/bin/cl430" -vmsp --use_hw_mpy=none --include_path="/Applications/ti/ccs1000/ccs/ccs_base/msp430/include" --include_path="/Users/keino/Desktop/Desktop Items/School Work/FAU - Summer 2020/CDA 3331/Labs/Lab 5/Lab5" --include_path="/Applications/ti/ccs1000/ccs/tools/compiler/ti-cgt-msp430_20.2.0.LTS/include" --advice:power=all --define=__MSP430G2553__ -g --printf_support=minimal --diag_warning=225 --diag_wrap=off --display_error_number --preproc_with_compile --preproc_dependency="main.d_raw"  "../main.c"
 
>> Compilation failure
subdir_rules.mk:7: recipe for target 'main.obj' failed
"../main.c", line 103: warning #1111-D: pragma vector can only be applied to a function definition, not "WDT" (declared at line 104)
"../main.c", line 105: error #66: expected a ";"
At end of source: warning #12-D: parsing restarts here after previous syntax error
At end of source: error #68: expected a "}"
"../main.c", line 96: remark #1527-D: (ULP 2.1) Detected SW delay loop using __delay_cycles. Recommend using a timer module instead
"../main.c", line 27: remark #1535-D: (ULP 8.1) variable "flag" is used as a constant. Recommend declaring variable as either 'static const' or 'const'
2 errors detected in the compilation of "../main.c".
gmake: *** [main.obj] Error 1
gmake: Target 'all' not remade because of errors.

**** Build Finished ****

**** Build of configuration Debug for project Lab5 ****

/Applications/ti/ccs1000/ccs/utils/bin/gmake -k -j 3 all -O 
 
Building file: "../main.c"
Invoking: MSP430 Compiler
"/Applications/ti/ccs1000/ccs/tools/compiler/ti-cgt-msp430_20.2.0.LTS/bin/cl430" -vmsp --use_hw_mpy=none --include_path="/Applications/ti/ccs1000/ccs/ccs_base/msp430/include" --include_path="/Users/keino/Desktop/Desktop Items/School Work/FAU - Summer 2020/CDA 3331/Labs/Lab 5/Lab5" --include_path="/Applications/ti/ccs1000/ccs/tools/compiler/ti-cgt-msp430_20.2.0.LTS/include" --advice:power=all --define=__MSP430G2553__ -g --printf_support=minimal --diag_warning=225 --diag_wrap=off --display_error_number --preproc_with_compile --preproc_dependency="main.d_raw"  "../main.c"
 
>> Compilation failure
subdir_rules.mk:7: recipe for target 'main.obj' failed
"../main.c", line 103: warning #1111-D: pragma vector can only be applied to a function definition, not "WDT" (declared at line 104)
"../main.c", line 105: error #66: expected a ";"
At end of source: warning #12-D: parsing restarts here after previous syntax error
At end of source: error #68: expected a "}"
"../main.c", line 96: remark #1527-D: (ULP 2.1) Detected SW delay loop using __delay_cycles. Recommend using a timer module instead
"../main.c", line 27: remark #1535-D: (ULP 8.1) variable "flag" is used as a constant. Recommend declaring variable as either 'static const' or 'const'
2 errors detected in the compilation of "../main.c".
gmake: *** [main.obj] Error 1
gmake: Target 'all' not remade because of errors.

**** Build Finished ****

**** Build of configuration Debug for project Lab5 ****

/Applications/ti/ccs1000/ccs/utils/bin/gmake -k -j 3 all -O 
 
Building file: "../main.c"
Invoking: MSP430 Compiler
"/Applications/ti/ccs1000/ccs/tools/compiler/ti-cgt-msp430_20.2.0.LTS/bin/cl430" -vmsp --use_hw_mpy=none --include_path="/Applications/ti/ccs1000/ccs/ccs_base/msp430/include" --include_path="/Users/keino/Desktop/Desktop Items/School Work/FAU - Summer 2020/CDA 3331/Labs/Lab 5/Lab5" --include_path="/Applications/ti/ccs1000/ccs/tools/compiler/ti-cgt-msp430_20.2.0.LTS/include" --advice:power=all --define=__MSP430G2553__ -g --printf_support=minimal --diag_warning=225 --diag_wrap=off --display_error_number --preproc_with_compile --preproc_dependency="main.d_raw"  "../main.c"
 
>> Compilation failure
subdir_rules.mk:7: recipe for target 'main.obj' failed
"../main.c", line 103: warning #1111-D: pragma vector can only be applied to a function definition, not "WDT" (declared at line 104)
"../main.c", line 105: error #66: expected a ";"
At end of source: warning #12-D: parsing restarts here after previous syntax error
At end of source: error #68: expected a "}"
"../main.c", line 96: remark #1527-D: (ULP 2.1) Detected SW delay loop using __delay_cycles. Recommend using a timer module instead
"../main.c", line 27: remark #1535-D: (ULP 8.1) variable "flag" is used as a constant. Recommend declaring variable as either 'static const' or 'const'
2 errors detected in the compilation of "../main.c".
gmake: *** [main.obj] Error 1
gmake: Target 'all' not remade because of errors.

**** Build Finished ****

**** Build of configuration Debug for project Lab5 ****

/Applications/ti/ccs1000/ccs/utils/bin/gmake -k -j 3 all -O 
 
Building file: "../main.c"
Invoking: MSP430 Compiler
"/Applications/ti/ccs1000/ccs/tools/compiler/ti-cgt-msp430_20.2.0.LTS/bin/cl430" -vmsp --use_hw_mpy=none --include_path="/Applications/ti/ccs1000/ccs/ccs_base/msp430/include" --include_path="/Users/keino/Desktop/Desktop Items/School Work/FAU - Summer 2020/CDA 3331/Labs/Lab 5/Lab5" --include_path="/Applications/ti/ccs1000/ccs/tools/compiler/ti-cgt-msp430_20.2.0.LTS/include" --advice:power=all --define=__MSP430G2553__ -g --printf_support=minimal --diag_warning=225 --diag_wrap=off --display_error_number --preproc_with_compile --preproc_dependency="main.d_raw"  "../main.c"
 
>> Compilation failure
subdir_rules.mk:7: recipe for target 'main.obj' failed
"../main.c", line 103: warning #1111-D: pragma vector can only be applied to a function definition, not "WDT" (declared at line 104)
"../main.c", line 105: error #66: expected a ";"
At end of source: warning #12-D: parsing restarts here after previous syntax error
At end of source: error #68: expected a "}"
"../main.c", line 96: remark #1527-D: (ULP 2.1) Detected SW delay loop using __delay_cycles. Recommend using a timer module instead
"../main.c", line 27: remark #1535-D: (ULP 8.1) variable "flag" is used as a constant. Recommend declaring variable as either 'static const' or 'const'
2 errors detected in the compilation of "../main.c".
gmake: *** [main.obj] Error 1
gmake: Target 'all' not remade because of errors.

**** Build Finished ****

**** Build of configuration Debug for project Lab5 ****

/Applications/ti/ccs1000/ccs/utils/bin/gmake -k -j 3 all -O 
 
Building file: "../main.c"
Invoking: MSP430 Compiler
"/Applications/ti/ccs1000/ccs/tools/compiler/ti-cgt-msp430_20.2.0.LTS/bin/cl430" -vmsp --use_hw_mpy=none --include_path="/Applications/ti/ccs1000/ccs/ccs_base/msp430/include" --include_path="/Users/keino/Desktop/Desktop Items/School Work/FAU - Summer 2020/CDA 3331/Labs/Lab 5/Lab5" --include_path="/Applications/ti/ccs1000/ccs/tools/compiler/ti-cgt-msp430_20.2.0.LTS/include" --advice:power=all --define=__MSP430G2553__ -g --printf_support=minimal --diag_warning=225 --diag_wrap=off --display_error_number --preproc_with_compile --preproc_dependency="main.d_raw"  "../main.c"
 
>> Compilation failure
subdir_rules.mk:7: recipe for target 'main.obj' failed
"../main.c", line 103: warning #1111-D: pragma vector can only be applied to a function definition, not "WDT" (declared at line 104)
"../main.c", line 105: error #66: expected a ";"
At end of source: warning #12-D: parsing restarts here after previous syntax error
At end of source: error #68: expected a "}"
"../main.c", line 96: remark #1527-D: (ULP 2.1) Detected SW delay loop using __delay_cycles. Recommend using a timer module instead
"../main.c", line 27: remark #1535-D: (ULP 8.1) variable "flag" is used as a constant. Recommend declaring variable as either 'static const' or 'const'
2 errors detected in the compilation of "../main.c".
gmake: *** [main.obj] Error 1
gmake: Target 'all' not remade because of errors.

**** Build Finished ****

**** Build of configuration Debug for project Lab5 ****

/Applications/ti/ccs1000/ccs/utils/bin/gmake -k -j 3 all -O 
 
Building file: "../main.c"
Invoking: MSP430 Compiler
"/Applications/ti/ccs1000/ccs/tools/compiler/ti-cgt-msp430_20.2.0.LTS/bin/cl430" -vmsp --use_hw_mpy=none --include_path="/Applications/ti/ccs1000/ccs/ccs_base/msp430/include" --include_path="/Users/keino/Desktop/Desktop Items/School Work/FAU - Summer 2020/CDA 3331/Labs/Lab 5/Lab5" --include_path="/Applications/ti/ccs1000/ccs/tools/compiler/ti-cgt-msp430_20.2.0.LTS/include" --advice:power=all --define=__MSP430G2553__ -g --printf_support=minimal --diag_warning=225 --diag_wrap=off --display_error_number --preproc_with_compile --preproc_dependency="main.d_raw"  "../main.c"
 
>> Compilation failure
subdir_rules.mk:7: recipe for target 'main.obj' failed
"../main.c", line 103: warning #1111-D: pragma vector can only be applied to a function definition, not "WDT" (declared at line 104)
"../main.c", line 105: error #66: expected a ";"
At end of source: warning #12-D: parsing restarts here after previous syntax error
At end of source: error #68: expected a "}"
"../main.c", line 96: remark #1527-D: (ULP 2.1) Detected SW delay loop using __delay_cycles. Recommend using a timer module instead
"../main.c", line 27: remark #1535-D: (ULP 8.1) variable "flag" is used as a constant. Recommend declaring variable as either 'static const' or 'const'
2 errors detected in the compilation of "../main.c".
gmake: *** [main.obj] Error 1
gmake: Target 'all' not remade because of errors.

**** Build Finished ****

**** Build of configuration Debug for project Lab5 ****

/Applications/ti/ccs1000/ccs/utils/bin/gmake -k -j 3 all -O 
 
Building file: "../main.c"
Invoking: MSP430 Compiler
"/Applications/ti/ccs1000/ccs/tools/compiler/ti-cgt-msp430_20.2.0.LTS/bin/cl430" -vmsp --use_hw_mpy=none --include_path="/Applications/ti/ccs1000/ccs/ccs_base/msp430/include" --include_path="/Users/keino/Desktop/Desktop Items/School Work/FAU - Summer 2020/CDA 3331/Labs/Lab 5/Lab5" --include_path="/Applications/ti/ccs1000/ccs/tools/compiler/ti-cgt-msp430_20.2.0.LTS/include" --advice:power=all --define=__MSP430G2553__ -g --printf_support=minimal --diag_warning=225 --diag_wrap=off --display_error_number --preproc_with_compile --preproc_dependency="main.d_raw"  "../main.c"
"../main.c", line 97: remark #1527-D: (ULP 2.1) Detected SW delay loop using __delay_cycles. Recommend using a timer module instead
"../main.c", line 115: remark #2553-D: (ULP 14.1) Array index (involving "leftdigit") of type "int". Recommend using "unsigned int"
"../main.c", line 116: remark #2553-D: (ULP 14.1) Array index (involving "rightdigit") of type "int". Recommend using "unsigned int"
Finished building: "../main.c"
 
Building target: "Lab5.out"
Invoking: MSP430 Linker
"/Applications/ti/ccs1000/ccs/tools/compiler/ti-cgt-msp430_20.2.0.LTS/bin/cl430" -vmsp --use_hw_mpy=none --advice:power=all --define=__MSP430G2553__ -g --printf_support=minimal --diag_warning=225 --diag_wrap=off --display_error_number -z -m"Lab5.map" --heap_size=80 --stack_size=80 -i"/Applications/ti/ccs1000/ccs/ccs_base/msp430/include" -i"/Applications/ti/ccs1000/ccs/tools/compiler/ti-cgt-msp430_20.2.0.LTS/lib" -i"/Applications/ti/ccs1000/ccs/tools/compiler/ti-cgt-msp430_20.2.0.LTS/include" --reread_libs --diag_wrap=off --display_error_number --warn_sections --xml_link_info="Lab5_linkInfo.xml" --use_hw_mpy=none --rom_model -o "Lab5.out" "./main.obj" "../lnk_msp430g2553.cmd"  -llibc.a 
<Linking>
remark #10371-D: (ULP 1.1) Detected no uses of low power mode state changing instructions
remark #10372-D: (ULP 4.1) Detected uninitialized Port 3 in this project. Recommend initializing all unused ports to eliminate wasted current consumption on unused pins.
Finished building target: "Lab5.out"
 

**** Build Finished ****

**** Build of configuration Debug for project Lab5 ****

/Applications/ti/ccs1000/ccs/utils/bin/gmake -k -j 3 all -O 
 
gmake[1]: 'Lab5.out' is up to date.

**** Build Finished ****

**** Build of configuration Debug for project Lab5 ****

/Applications/ti/ccs1000/ccs/utils/bin/gmake -k -j 3 all -O 
 
Building file: "../main.c"
Invoking: MSP430 Compiler
"/Applications/ti/ccs1000/ccs/tools/compiler/ti-cgt-msp430_20.2.0.LTS/bin/cl430" -vmsp --use_hw_mpy=none --include_path="/Applications/ti/ccs1000/ccs/ccs_base/msp430/include" --include_path="/Users/keino/Desktop/Desktop Items/School Work/FAU - Summer 2020/CDA 3331/Labs/Lab 5/Lab5" --include_path="/Applications/ti/ccs1000/ccs/tools/compiler/ti-cgt-msp430_20.2.0.LTS/include" --advice:power=all --define=__MSP430G2553__ -g --printf_support=minimal --diag_warning=225 --diag_wrap=off --display_error_number --preproc_with_compile --preproc_dependency="main.d_raw"  "../main.c"
"../main.c", line 98: remark #1527-D: (ULP 2.1) Detected SW delay loop using __delay_cycles. Recommend using a timer module instead
"../main.c", line 116: remark #2553-D: (ULP 14.1) Array index (involving "leftdigit") of type "int". Recommend using "unsigned int"
"../main.c", line 117: remark #2553-D: (ULP 14.1) Array index (involving "rightdigit") of type "int". Recommend using "unsigned int"
Finished building: "../main.c"
 
Building target: "Lab5.out"
Invoking: MSP430 Linker
"/Applications/ti/ccs1000/ccs/tools/compiler/ti-cgt-msp430_20.2.0.LTS/bin/cl430" -vmsp --use_hw_mpy=none --advice:power=all --define=__MSP430G2553__ -g --printf_support=minimal --diag_warning=225 --diag_wrap=off --display_error_number -z -m"Lab5.map" --heap_size=80 --stack_size=80 -i"/Applications/ti/ccs1000/ccs/ccs_base/msp430/include" -i"/Applications/ti/ccs1000/ccs/tools/compiler/ti-cgt-msp430_20.2.0.LTS/lib" -i"/Applications/ti/ccs1000/ccs/tools/compiler/ti-cgt-msp430_20.2.0.LTS/include" --reread_libs --diag_wrap=off --display_error_number --warn_sections --xml_link_info="Lab5_linkInfo.xml" --use_hw_mpy=none --rom_model -o "Lab5.out" "./main.obj" "../lnk_msp430g2553.cmd"  -llibc.a 
<Linking>
remark #10371-D: (ULP 1.1) Detected no uses of low power mode state changing instructions
remark #10372-D: (ULP 4.1) Detected uninitialized Port 3 in this project. Recommend initializing all unused ports to eliminate wasted current consumption on unused pins.
Finished building target: "Lab5.out"
 

**** Build Finished ****

**** Build of configuration Debug for project Lab5 ****

/Applications/ti/ccs1000/ccs/utils/bin/gmake -k -j 3 all -O 
 
Building file: "../main.c"
Invoking: MSP430 Compiler
"/Applications/ti/ccs1000/ccs/tools/compiler/ti-cgt-msp430_20.2.0.LTS/bin/cl430" -vmsp --use_hw_mpy=none --include_path="/Applications/ti/ccs1000/ccs/ccs_base/msp430/include" --include_path="/Users/keino/Desktop/Desktop Items/School Work/FAU - Summer 2020/CDA 3331/Labs/Lab 5/Lab5" --include_path="/Applications/ti/ccs1000/ccs/tools/compiler/ti-cgt-msp430_20.2.0.LTS/include" --advice:power=all --define=__MSP430G2553__ -g --printf_support=minimal --diag_warning=225 --diag_wrap=off --display_error_number --preproc_with_compile --preproc_dependency="main.d_raw"  "../main.c"
 
>> Compilation failure
subdir_rules.mk:7: recipe for target 'main.obj' failed
"../main.c", line 74: error #18: expected a ")"
"../main.c", line 102: warning #12-D: parsing restarts here after previous syntax error
"../main.c", line 102: error #128: expected a statement
"../main.c", line 118: remark #2553-D: (ULP 14.1) Array index (involving "leftdigit") of type "int". Recommend using "unsigned int"
"../main.c", line 119: remark #2553-D: (ULP 14.1) Array index (involving "rightdigit") of type "int". Recommend using "unsigned int"
2 errors detected in the compilation of "../main.c".
gmake: *** [main.obj] Error 1
gmake: Target 'all' not remade because of errors.

**** Build Finished ****

**** Build of configuration Debug for project Lab5 ****

/Applications/ti/ccs1000/ccs/utils/bin/gmake -k -j 3 all -O 
 
Building file: "../main.c"
Invoking: MSP430 Compiler
"/Applications/ti/ccs1000/ccs/tools/compiler/ti-cgt-msp430_20.2.0.LTS/bin/cl430" -vmsp --use_hw_mpy=none --include_path="/Applications/ti/ccs1000/ccs/ccs_base/msp430/include" --include_path="/Users/keino/Desktop/Desktop Items/School Work/FAU - Summer 2020/CDA 3331/Labs/Lab 5/Lab5" --include_path="/Applications/ti/ccs1000/ccs/tools/compiler/ti-cgt-msp430_20.2.0.LTS/include" --advice:power=all --define=__MSP430G2553__ -g --printf_support=minimal --diag_warning=225 --diag_wrap=off --display_error_number --preproc_with_compile --preproc_dependency="main.d_raw"  "../main.c"
"../main.c", line 100: remark #1527-D: (ULP 2.1) Detected SW delay loop using __delay_cycles. Recommend using a timer module instead
"../main.c", line 118: remark #2553-D: (ULP 14.1) Array index (involving "leftdigit") of type "int". Recommend using "unsigned int"
"../main.c", line 119: remark #2553-D: (ULP 14.1) Array index (involving "rightdigit") of type "int". Recommend using "unsigned int"
Finished building: "../main.c"
 
Building target: "Lab5.out"
Invoking: MSP430 Linker
"/Applications/ti/ccs1000/ccs/tools/compiler/ti-cgt-msp430_20.2.0.LTS/bin/cl430" -vmsp --use_hw_mpy=none --advice:power=all --define=__MSP430G2553__ -g --printf_support=minimal --diag_warning=225 --diag_wrap=off --display_error_number -z -m"Lab5.map" --heap_size=80 --stack_size=80 -i"/Applications/ti/ccs1000/ccs/ccs_base/msp430/include" -i"/Applications/ti/ccs1000/ccs/tools/compiler/ti-cgt-msp430_20.2.0.LTS/lib" -i"/Applications/ti/ccs1000/ccs/tools/compiler/ti-cgt-msp430_20.2.0.LTS/include" --reread_libs --diag_wrap=off --display_error_number --warn_sections --xml_link_info="Lab5_linkInfo.xml" --use_hw_mpy=none --rom_model -o "Lab5.out" "./main.obj" "../lnk_msp430g2553.cmd"  -llibc.a 
<Linking>
remark #10371-D: (ULP 1.1) Detected no uses of low power mode state changing instructions
remark #10372-D: (ULP 4.1) Detected uninitialized Port 3 in this project. Recommend initializing all unused ports to eliminate wasted current consumption on unused pins.
Finished building target: "Lab5.out"
 

**** Build Finished ****

**** Build of configuration Debug for project Lab5 ****

/Applications/ti/ccs1000/ccs/utils/bin/gmake -k -j 3 all -O 
 
Building file: "../main.c"
Invoking: MSP430 Compiler
"/Applications/ti/ccs1000/ccs/tools/compiler/ti-cgt-msp430_20.2.0.LTS/bin/cl430" -vmsp --use_hw_mpy=none --include_path="/Applications/ti/ccs1000/ccs/ccs_base/msp430/include" --include_path="/Users/keino/Desktop/Desktop Items/School Work/FAU - Summer 2020/CDA 3331/Labs/Lab 5/Lab5" --include_path="/Applications/ti/ccs1000/ccs/tools/compiler/ti-cgt-msp430_20.2.0.LTS/include" --advice:power=all --define=__MSP430G2553__ -g --printf_support=minimal --diag_warning=225 --diag_wrap=off --display_error_number --preproc_with_compile --preproc_dependency="main.d_raw"  "../main.c"
"../main.c", line 110: remark #1527-D: (ULP 2.1) Detected SW delay loop using __delay_cycles. Recommend using a timer module instead
"../main.c", line 128: remark #2553-D: (ULP 14.1) Array index (involving "leftdigit") of type "int". Recommend using "unsigned int"
"../main.c", line 129: remark #2553-D: (ULP 14.1) Array index (involving "rightdigit") of type "int". Recommend using "unsigned int"
Finished building: "../main.c"
 
Building target: "Lab5.out"
Invoking: MSP430 Linker
"/Applications/ti/ccs1000/ccs/tools/compiler/ti-cgt-msp430_20.2.0.LTS/bin/cl430" -vmsp --use_hw_mpy=none --advice:power=all --define=__MSP430G2553__ -g --printf_support=minimal --diag_warning=225 --diag_wrap=off --display_error_number -z -m"Lab5.map" --heap_size=80 --stack_size=80 -i"/Applications/ti/ccs1000/ccs/ccs_base/msp430/include" -i"/Applications/ti/ccs1000/ccs/tools/compiler/ti-cgt-msp430_20.2.0.LTS/lib" -i"/Applications/ti/ccs1000/ccs/tools/compiler/ti-cgt-msp430_20.2.0.LTS/include" --reread_libs --diag_wrap=off --display_error_number --warn_sections --xml_link_info="Lab5_linkInfo.xml" --use_hw_mpy=none --rom_model -o "Lab5.out" "./main.obj" "../lnk_msp430g2553.cmd"  -llibc.a 
<Linking>
remark #10371-D: (ULP 1.1) Detected no uses of low power mode state changing instructions
remark #10372-D: (ULP 4.1) Detected uninitialized Port 3 in this project. Recommend initializing all unused ports to eliminate wasted current consumption on unused pins.
Finished building target: "Lab5.out"
 

**** Build Finished ****

**** Build of configuration Debug for project Lab5 ****

/Applications/ti/ccs1000/ccs/utils/bin/gmake -k -j 3 all -O 
 
gmake[1]: 'Lab5.out' is up to date.

**** Build Finished ****

**** Build of configuration Debug for project Lab5 ****

/Applications/ti/ccs1000/ccs/utils/bin/gmake -k -j 3 all -O 
 
Building file: "../main.c"
Invoking: MSP430 Compiler
"/Applications/ti/ccs1000/ccs/tools/compiler/ti-cgt-msp430_20.2.0.LTS/bin/cl430" -vmsp --use_hw_mpy=none --include_path="/Applications/ti/ccs1000/ccs/ccs_base/msp430/include" --include_path="/Users/keino/Desktop/Desktop Items/School Work/FAU - Summer 2020/CDA 3331/Labs/Lab 5/Lab5" --include_path="/Applications/ti/ccs1000/ccs/tools/compiler/ti-cgt-msp430_20.2.0.LTS/include" --advice:power=all --define=__MSP430G2553__ -g --printf_support=minimal --diag_warning=225 --diag_wrap=off --display_error_number --preproc_with_compile --preproc_dependency="main.d_raw"  "../main.c"
"../main.c", line 110: remark #1527-D: (ULP 2.1) Detected SW delay loop using __delay_cycles. Recommend using a timer module instead
"../main.c", line 128: remark #2553-D: (ULP 14.1) Array index (involving "leftdigit") of type "int". Recommend using "unsigned int"
"../main.c", line 129: remark #2553-D: (ULP 14.1) Array index (involving "rightdigit") of type "int". Recommend using "unsigned int"
Finished building: "../main.c"
 
Building target: "Lab5.out"
Invoking: MSP430 Linker
"/Applications/ti/ccs1000/ccs/tools/compiler/ti-cgt-msp430_20.2.0.LTS/bin/cl430" -vmsp --use_hw_mpy=none --advice:power=all --define=__MSP430G2553__ -g --printf_support=minimal --diag_warning=225 --diag_wrap=off --display_error_number -z -m"Lab5.map" --heap_size=80 --stack_size=80 -i"/Applications/ti/ccs1000/ccs/ccs_base/msp430/include" -i"/Applications/ti/ccs1000/ccs/tools/compiler/ti-cgt-msp430_20.2.0.LTS/lib" -i"/Applications/ti/ccs1000/ccs/tools/compiler/ti-cgt-msp430_20.2.0.LTS/include" --reread_libs --diag_wrap=off --display_error_number --warn_sections --xml_link_info="Lab5_linkInfo.xml" --use_hw_mpy=none --rom_model -o "Lab5.out" "./main.obj" "../lnk_msp430g2553.cmd"  -llibc.a 
<Linking>
remark #10371-D: (ULP 1.1) Detected no uses of low power mode state changing instructions
remark #10372-D: (ULP 4.1) Detected uninitialized Port 3 in this project. Recommend initializing all unused ports to eliminate wasted current consumption on unused pins.
Finished building target: "Lab5.out"
 

**** Build Finished ****

**** Build of configuration Debug for project Lab5 ****

/Applications/ti/ccs1000/ccs/utils/bin/gmake -k -j 3 all -O 
 
gmake[1]: 'Lab5.out' is up to date.

**** Build Finished ****

**** Build of configuration Debug for project Lab5 ****

/Applications/ti/ccs1000/ccs/utils/bin/gmake -k -j 3 all -O 
 
Building file: "../main.c"
Invoking: MSP430 Compiler
"/Applications/ti/ccs1000/ccs/tools/compiler/ti-cgt-msp430_20.2.0.LTS/bin/cl430" -vmsp --use_hw_mpy=none --include_path="/Applications/ti/ccs1000/ccs/ccs_base/msp430/include" --include_path="/Users/keino/Desktop/Desktop Items/School Work/FAU - Summer 2020/CDA 3331/Labs/Lab 5/Lab5" --include_path="/Applications/ti/ccs1000/ccs/tools/compiler/ti-cgt-msp430_20.2.0.LTS/include" --advice:power=all --define=__MSP430G2553__ -g --printf_support=minimal --diag_warning=225 --diag_wrap=off --display_error_number --preproc_with_compile --preproc_dependency="main.d_raw"  "../main.c"
"../main.c", line 110: remark #1527-D: (ULP 2.1) Detected SW delay loop using __delay_cycles. Recommend using a timer module instead
"../main.c", line 128: remark #2553-D: (ULP 14.1) Array index (involving "leftdigit") of type "int". Recommend using "unsigned int"
"../main.c", line 129: remark #2553-D: (ULP 14.1) Array index (involving "rightdigit") of type "int". Recommend using "unsigned int"
Finished building: "../main.c"
 
Building target: "Lab5.out"
Invoking: MSP430 Linker
"/Applications/ti/ccs1000/ccs/tools/compiler/ti-cgt-msp430_20.2.0.LTS/bin/cl430" -vmsp --use_hw_mpy=none --advice:power=all --define=__MSP430G2553__ -g --printf_support=minimal --diag_warning=225 --diag_wrap=off --display_error_number -z -m"Lab5.map" --heap_size=80 --stack_size=80 -i"/Applications/ti/ccs1000/ccs/ccs_base/msp430/include" -i"/Applications/ti/ccs1000/ccs/tools/compiler/ti-cgt-msp430_20.2.0.LTS/lib" -i"/Applications/ti/ccs1000/ccs/tools/compiler/ti-cgt-msp430_20.2.0.LTS/include" --reread_libs --diag_wrap=off --display_error_number --warn_sections --xml_link_info="Lab5_linkInfo.xml" --use_hw_mpy=none --rom_model -o "Lab5.out" "./main.obj" "../lnk_msp430g2553.cmd"  -llibc.a 
<Linking>
remark #10371-D: (ULP 1.1) Detected no uses of low power mode state changing instructions
remark #10372-D: (ULP 4.1) Detected uninitialized Port 3 in this project. Recommend initializing all unused ports to eliminate wasted current consumption on unused pins.
Finished building target: "Lab5.out"
 

**** Build Finished ****

**** Build of configuration Debug for project Lab5 ****

/Applications/ti/ccs1000/ccs/utils/bin/gmake -k -j 3 all -O 
 
gmake[1]: 'Lab5.out' is up to date.

**** Build Finished ****

**** Build of configuration Debug for project Lab5 ****

/Applications/ti/ccs1000/ccs/utils/bin/gmake -k -j 3 all -O 
 
Building file: "../main.c"
Invoking: MSP430 Compiler
"/Applications/ti/ccs1000/ccs/tools/compiler/ti-cgt-msp430_20.2.0.LTS/bin/cl430" -vmsp --use_hw_mpy=none --include_path="/Applications/ti/ccs1000/ccs/ccs_base/msp430/include" --include_path="/Users/keino/Desktop/Desktop Items/School Work/FAU - Summer 2020/CDA 3331/Labs/Lab 5/Lab5" --include_path="/Applications/ti/ccs1000/ccs/tools/compiler/ti-cgt-msp430_20.2.0.LTS/include" --advice:power=all --define=__MSP430G2553__ -g --printf_support=minimal --diag_warning=225 --diag_wrap=off --display_error_number --preproc_with_compile --preproc_dependency="main.d_raw"  "../main.c"
"../main.c", line 119: remark #1527-D: (ULP 2.1) Detected SW delay loop using __delay_cycles. Recommend using a timer module instead
"../main.c", line 137: remark #2553-D: (ULP 14.1) Array index (involving "leftdigit") of type "int". Recommend using "unsigned int"
"../main.c", line 138: remark #2553-D: (ULP 14.1) Array index (involving "rightdigit") of type "int". Recommend using "unsigned int"
Finished building: "../main.c"
 
Building target: "Lab5.out"
Invoking: MSP430 Linker
"/Applications/ti/ccs1000/ccs/tools/compiler/ti-cgt-msp430_20.2.0.LTS/bin/cl430" -vmsp --use_hw_mpy=none --advice:power=all --define=__MSP430G2553__ -g --printf_support=minimal --diag_warning=225 --diag_wrap=off --display_error_number -z -m"Lab5.map" --heap_size=80 --stack_size=80 -i"/Applications/ti/ccs1000/ccs/ccs_base/msp430/include" -i"/Applications/ti/ccs1000/ccs/tools/compiler/ti-cgt-msp430_20.2.0.LTS/lib" -i"/Applications/ti/ccs1000/ccs/tools/compiler/ti-cgt-msp430_20.2.0.LTS/include" --reread_libs --diag_wrap=off --display_error_number --warn_sections --xml_link_info="Lab5_linkInfo.xml" --use_hw_mpy=none --rom_model -o "Lab5.out" "./main.obj" "../lnk_msp430g2553.cmd"  -llibc.a 
<Linking>
remark #10371-D: (ULP 1.1) Detected no uses of low power mode state changing instructions
remark #10372-D: (ULP 4.1) Detected uninitialized Port 3 in this project. Recommend initializing all unused ports to eliminate wasted current consumption on unused pins.
Finished building target: "Lab5.out"
 

**** Build Finished ****

**** Build of configuration Debug for project Lab5 ****

/Applications/ti/ccs1000/ccs/utils/bin/gmake -k -j 3 all -O 
 
gmake[1]: 'Lab5.out' is up to date.

**** Build Finished ****

**** Build of configuration Debug for project Lab5 ****

/Applications/ti/ccs1000/ccs/utils/bin/gmake -k -j 3 all -O 
 
Building file: "../main.c"
Invoking: MSP430 Compiler
"/Applications/ti/ccs1000/ccs/tools/compiler/ti-cgt-msp430_20.2.0.LTS/bin/cl430" -vmsp --use_hw_mpy=none --include_path="/Applications/ti/ccs1000/ccs/ccs_base/msp430/include" --include_path="/Users/keino/Desktop/Desktop Items/School Work/FAU - Summer 2020/CDA 3331/Labs/Lab 5/Lab5" --include_path="/Applications/ti/ccs1000/ccs/tools/compiler/ti-cgt-msp430_20.2.0.LTS/include" --advice:power=all --define=__MSP430G2553__ -g --printf_support=minimal --diag_warning=225 --diag_wrap=off --display_error_number --preproc_with_compile --preproc_dependency="main.d_raw"  "../main.c"
"../main.c", line 117: remark #1527-D: (ULP 2.1) Detected SW delay loop using __delay_cycles. Recommend using a timer module instead
"../main.c", line 135: remark #2553-D: (ULP 14.1) Array index (involving "leftdigit") of type "int". Recommend using "unsigned int"
"../main.c", line 136: remark #2553-D: (ULP 14.1) Array index (involving "rightdigit") of type "int". Recommend using "unsigned int"
Finished building: "../main.c"
 
Building target: "Lab5.out"
Invoking: MSP430 Linker
"/Applications/ti/ccs1000/ccs/tools/compiler/ti-cgt-msp430_20.2.0.LTS/bin/cl430" -vmsp --use_hw_mpy=none --advice:power=all --define=__MSP430G2553__ -g --printf_support=minimal --diag_warning=225 --diag_wrap=off --display_error_number -z -m"Lab5.map" --heap_size=80 --stack_size=80 -i"/Applications/ti/ccs1000/ccs/ccs_base/msp430/include" -i"/Applications/ti/ccs1000/ccs/tools/compiler/ti-cgt-msp430_20.2.0.LTS/lib" -i"/Applications/ti/ccs1000/ccs/tools/compiler/ti-cgt-msp430_20.2.0.LTS/include" --reread_libs --diag_wrap=off --display_error_number --warn_sections --xml_link_info="Lab5_linkInfo.xml" --use_hw_mpy=none --rom_model -o "Lab5.out" "./main.obj" "../lnk_msp430g2553.cmd"  -llibc.a 
<Linking>
remark #10371-D: (ULP 1.1) Detected no uses of low power mode state changing instructions
remark #10372-D: (ULP 4.1) Detected uninitialized Port 3 in this project. Recommend initializing all unused ports to eliminate wasted current consumption on unused pins.
Finished building target: "Lab5.out"
 

**** Build Finished ****

**** Build of configuration Debug for project Lab5 ****

/Applications/ti/ccs1000/ccs/utils/bin/gmake -k -j 3 all -O 
 
gmake[1]: 'Lab5.out' is up to date.

**** Build Finished ****
