
**** Build of configuration Debug for project Lab3 ****

/Applications/ti/ccs1000/ccs/utils/bin/gmake -k -j 3 all -O 
 
Building file: "../main.asm"
Invoking: MSP430 Compiler
"/Applications/ti/ccs1000/ccs/tools/compiler/ti-cgt-msp430_20.2.0.LTS/bin/cl430" -vmsp --code_model=small --data_model=small --use_hw_mpy=none --include_path="/Applications/ti/ccs1000/ccs/ccs_base/msp430/include" --include_path="/Users/keino/Desktop/Desktop Items/School Work/FAU - Summer 2020/CDA 3331/Labs/Lab 3/Lab3" --include_path="/Applications/ti/ccs1000/ccs/tools/compiler/ti-cgt-msp430_20.2.0.LTS/include" --advice:power=all --define=__MSP430G2553__ -g --printf_support=minimal --diag_warning=225 --diag_wrap=off --display_error_number --preproc_with_compile --preproc_dependency="main.d_raw"  "../main.asm"
Finished building: "../main.asm"
 
Building target: "Lab3.out"
Invoking: MSP430 Linker
"/Applications/ti/ccs1000/ccs/tools/compiler/ti-cgt-msp430_20.2.0.LTS/bin/cl430" -vmsp --code_model=small --data_model=small --use_hw_mpy=none --advice:power=all --define=__MSP430G2553__ -g --printf_support=minimal --diag_warning=225 --diag_wrap=off --display_error_number -z -m"Lab3.map" --heap_size=0 --stack_size=0 -i"/Applications/ti/ccs1000/ccs/ccs_base/msp430/include" -i"/Applications/ti/ccs1000/ccs/tools/compiler/ti-cgt-msp430_20.2.0.LTS/lib" -i"/Applications/ti/ccs1000/ccs/tools/compiler/ti-cgt-msp430_20.2.0.LTS/include" --reread_libs --diag_wrap=off --display_error_number --warn_sections --xml_link_info="Lab3_linkInfo.xml" --entry_point=RESET --use_hw_mpy=none -o "Lab3.out" "./main.obj" "../lnk_msp430g2553.cmd"  -llibc.a 
<Linking>
Finished building target: "Lab3.out"
 

**** Build Finished ****

**** Build of configuration Debug for project Lab3 ****

/Applications/ti/ccs1000/ccs/utils/bin/gmake -k -j 3 all -O 
 
gmake[1]: 'Lab3.out' is up to date.

**** Build Finished ****

**** Build of configuration Debug for project Lab3 ****

/Applications/ti/ccs1000/ccs/utils/bin/gmake -k -j 3 all -O 
 
Building file: "../main.asm"
Invoking: MSP430 Compiler
"/Applications/ti/ccs1000/ccs/tools/compiler/ti-cgt-msp430_20.2.0.LTS/bin/cl430" -vmsp --code_model=small --data_model=small --use_hw_mpy=none --include_path="/Applications/ti/ccs1000/ccs/ccs_base/msp430/include" --include_path="/Users/keino/Desktop/Desktop Items/School Work/FAU - Summer 2020/CDA 3331/Labs/Lab 3/Lab3" --include_path="/Applications/ti/ccs1000/ccs/tools/compiler/ti-cgt-msp430_20.2.0.LTS/include" --advice:power=all --define=__MSP430G2553__ -g --printf_support=minimal --diag_warning=225 --diag_wrap=off --display_error_number --preproc_with_compile --preproc_dependency="main.d_raw"  "../main.asm"
Finished building: "../main.asm"
 
Building target: "Lab3.out"
Invoking: MSP430 Linker
"/Applications/ti/ccs1000/ccs/tools/compiler/ti-cgt-msp430_20.2.0.LTS/bin/cl430" -vmsp --code_model=small --data_model=small --use_hw_mpy=none --advice:power=all --define=__MSP430G2553__ -g --printf_support=minimal --diag_warning=225 --diag_wrap=off --display_error_number -z -m"Lab3.map" --heap_size=0 --stack_size=0 -i"/Applications/ti/ccs1000/ccs/ccs_base/msp430/include" -i"/Applications/ti/ccs1000/ccs/tools/compiler/ti-cgt-msp430_20.2.0.LTS/lib" -i"/Applications/ti/ccs1000/ccs/tools/compiler/ti-cgt-msp430_20.2.0.LTS/include" --reread_libs --diag_wrap=off --display_error_number --warn_sections --xml_link_info="Lab3_linkInfo.xml" --entry_point=RESET --use_hw_mpy=none -o "Lab3.out" "./main.obj" "../lnk_msp430g2553.cmd"  -llibc.a 
<Linking>
Finished building target: "Lab3.out"
 

**** Build Finished ****

**** Build of configuration Debug for project Lab3 ****

/Applications/ti/ccs1000/ccs/utils/bin/gmake -k -j 3 all -O 
 
gmake[1]: 'Lab3.out' is up to date.

**** Build Finished ****

**** Build of configuration Debug for project Lab3 ****

/Applications/ti/ccs1000/ccs/utils/bin/gmake -k -j 3 all -O 
 
gmake[1]: 'Lab3.out' is up to date.

**** Build Finished ****

**** Build of configuration Debug for project Lab3 ****

/Applications/ti/ccs1000/ccs/utils/bin/gmake -k -j 3 all -O 
 
Building file: "../main.asm"
Invoking: MSP430 Compiler
"/Applications/ti/ccs1000/ccs/tools/compiler/ti-cgt-msp430_20.2.0.LTS/bin/cl430" -vmsp --code_model=small --data_model=small --use_hw_mpy=none --include_path="/Applications/ti/ccs1000/ccs/ccs_base/msp430/include" --include_path="/Users/keino/Desktop/Desktop Items/School Work/FAU - Summer 2020/CDA 3331/Labs/Lab 3/Lab3" --include_path="/Applications/ti/ccs1000/ccs/tools/compiler/ti-cgt-msp430_20.2.0.LTS/include" --advice:power=all --define=__MSP430G2553__ -g --printf_support=minimal --diag_warning=225 --diag_wrap=off --display_error_number --preproc_with_compile --preproc_dependency="main.d_raw"  "../main.asm"
Finished building: "../main.asm"
 
Building target: "Lab3.out"
Invoking: MSP430 Linker
"/Applications/ti/ccs1000/ccs/tools/compiler/ti-cgt-msp430_20.2.0.LTS/bin/cl430" -vmsp --code_model=small --data_model=small --use_hw_mpy=none --advice:power=all --define=__MSP430G2553__ -g --printf_support=minimal --diag_warning=225 --diag_wrap=off --display_error_number -z -m"Lab3.map" --heap_size=0 --stack_size=0 -i"/Applications/ti/ccs1000/ccs/ccs_base/msp430/include" -i"/Applications/ti/ccs1000/ccs/tools/compiler/ti-cgt-msp430_20.2.0.LTS/lib" -i"/Applications/ti/ccs1000/ccs/tools/compiler/ti-cgt-msp430_20.2.0.LTS/include" --reread_libs --diag_wrap=off --display_error_number --warn_sections --xml_link_info="Lab3_linkInfo.xml" --entry_point=RESET --use_hw_mpy=none -o "Lab3.out" "./main.obj" "../lnk_msp430g2553.cmd"  -llibc.a 
<Linking>
Finished building target: "Lab3.out"
 

**** Build Finished ****

**** Build of configuration Debug for project Lab3 ****

/Applications/ti/ccs1000/ccs/utils/bin/gmake -k -j 3 all -O 
 
gmake[1]: 'Lab3.out' is up to date.

**** Build Finished ****

**** Build of configuration Debug for project Lab3 ****

/Applications/ti/ccs1000/ccs/utils/bin/gmake -k -j 3 all -O 
 
Building file: "../main.asm"
Invoking: MSP430 Compiler
"/Applications/ti/ccs1000/ccs/tools/compiler/ti-cgt-msp430_20.2.0.LTS/bin/cl430" -vmsp --code_model=small --data_model=small --use_hw_mpy=none --include_path="/Applications/ti/ccs1000/ccs/ccs_base/msp430/include" --include_path="/Users/keino/Desktop/Desktop Items/School Work/FAU - Summer 2020/CDA 3331/Labs/Lab 3/Lab3" --include_path="/Applications/ti/ccs1000/ccs/tools/compiler/ti-cgt-msp430_20.2.0.LTS/include" --advice:power=all --define=__MSP430G2553__ -g --printf_support=minimal --diag_warning=225 --diag_wrap=off --display_error_number --preproc_with_compile --preproc_dependency="main.d_raw"  "../main.asm"
Finished building: "../main.asm"
 
Building target: "Lab3.out"
Invoking: MSP430 Linker
"/Applications/ti/ccs1000/ccs/tools/compiler/ti-cgt-msp430_20.2.0.LTS/bin/cl430" -vmsp --code_model=small --data_model=small --use_hw_mpy=none --advice:power=all --define=__MSP430G2553__ -g --printf_support=minimal --diag_warning=225 --diag_wrap=off --display_error_number -z -m"Lab3.map" --heap_size=0 --stack_size=0 -i"/Applications/ti/ccs1000/ccs/ccs_base/msp430/include" -i"/Applications/ti/ccs1000/ccs/tools/compiler/ti-cgt-msp430_20.2.0.LTS/lib" -i"/Applications/ti/ccs1000/ccs/tools/compiler/ti-cgt-msp430_20.2.0.LTS/include" --reread_libs --diag_wrap=off --display_error_number --warn_sections --xml_link_info="Lab3_linkInfo.xml" --entry_point=RESET --use_hw_mpy=none -o "Lab3.out" "./main.obj" "../lnk_msp430g2553.cmd"  -llibc.a 
<Linking>
Finished building target: "Lab3.out"
 

**** Build Finished ****

**** Build of configuration Debug for project Lab3 ****

/Applications/ti/ccs1000/ccs/utils/bin/gmake -k -j 3 all -O 
 
gmake[1]: 'Lab3.out' is up to date.

**** Build Finished ****

**** Build of configuration Debug for project Lab3 ****

/Applications/ti/ccs1000/ccs/utils/bin/gmake -k -j 3 all -O 
 
Building file: "../main.asm"
Invoking: MSP430 Compiler
"/Applications/ti/ccs1000/ccs/tools/compiler/ti-cgt-msp430_20.2.0.LTS/bin/cl430" -vmsp --code_model=small --data_model=small --use_hw_mpy=none --include_path="/Applications/ti/ccs1000/ccs/ccs_base/msp430/include" --include_path="/Users/keino/Desktop/Desktop Items/School Work/FAU - Summer 2020/CDA 3331/Labs/Lab 3/Lab3" --include_path="/Applications/ti/ccs1000/ccs/tools/compiler/ti-cgt-msp430_20.2.0.LTS/include" --advice:power=all --define=__MSP430G2553__ -g --printf_support=minimal --diag_warning=225 --diag_wrap=off --display_error_number --preproc_with_compile --preproc_dependency="main.d_raw"  "../main.asm"
Finished building: "../main.asm"
 
Building target: "Lab3.out"
Invoking: MSP430 Linker
"/Applications/ti/ccs1000/ccs/tools/compiler/ti-cgt-msp430_20.2.0.LTS/bin/cl430" -vmsp --code_model=small --data_model=small --use_hw_mpy=none --advice:power=all --define=__MSP430G2553__ -g --printf_support=minimal --diag_warning=225 --diag_wrap=off --display_error_number -z -m"Lab3.map" --heap_size=0 --stack_size=0 -i"/Applications/ti/ccs1000/ccs/ccs_base/msp430/include" -i"/Applications/ti/ccs1000/ccs/tools/compiler/ti-cgt-msp430_20.2.0.LTS/lib" -i"/Applications/ti/ccs1000/ccs/tools/compiler/ti-cgt-msp430_20.2.0.LTS/include" --reread_libs --diag_wrap=off --display_error_number --warn_sections --xml_link_info="Lab3_linkInfo.xml" --entry_point=RESET --use_hw_mpy=none -o "Lab3.out" "./main.obj" "../lnk_msp430g2553.cmd"  -llibc.a 
<Linking>
Finished building target: "Lab3.out"
 

**** Build Finished ****

**** Build of configuration Debug for project Lab3 ****

/Applications/ti/ccs1000/ccs/utils/bin/gmake -k -j 3 all -O 
 
gmake[1]: 'Lab3.out' is up to date.

**** Build Finished ****

**** Build of configuration Debug for project Lab3 ****

/Applications/ti/ccs1000/ccs/utils/bin/gmake -k -j 3 all -O 
 
Building file: "../main.asm"
Invoking: MSP430 Compiler
"/Applications/ti/ccs1000/ccs/tools/compiler/ti-cgt-msp430_20.2.0.LTS/bin/cl430" -vmsp --code_model=small --data_model=small --use_hw_mpy=none --include_path="/Applications/ti/ccs1000/ccs/ccs_base/msp430/include" --include_path="/Users/keino/Desktop/Desktop Items/School Work/FAU - Summer 2020/CDA 3331/Labs/Lab 3/Lab3" --include_path="/Applications/ti/ccs1000/ccs/tools/compiler/ti-cgt-msp430_20.2.0.LTS/include" --advice:power=all --define=__MSP430G2553__ -g --printf_support=minimal --diag_warning=225 --diag_wrap=off --display_error_number --preproc_with_compile --preproc_dependency="main.d_raw"  "../main.asm"
Finished building: "../main.asm"
 
Building target: "Lab3.out"
Invoking: MSP430 Linker
"/Applications/ti/ccs1000/ccs/tools/compiler/ti-cgt-msp430_20.2.0.LTS/bin/cl430" -vmsp --code_model=small --data_model=small --use_hw_mpy=none --advice:power=all --define=__MSP430G2553__ -g --printf_support=minimal --diag_warning=225 --diag_wrap=off --display_error_number -z -m"Lab3.map" --heap_size=0 --stack_size=0 -i"/Applications/ti/ccs1000/ccs/ccs_base/msp430/include" -i"/Applications/ti/ccs1000/ccs/tools/compiler/ti-cgt-msp430_20.2.0.LTS/lib" -i"/Applications/ti/ccs1000/ccs/tools/compiler/ti-cgt-msp430_20.2.0.LTS/include" --reread_libs --diag_wrap=off --display_error_number --warn_sections --xml_link_info="Lab3_linkInfo.xml" --entry_point=RESET --use_hw_mpy=none -o "Lab3.out" "./main.obj" "../lnk_msp430g2553.cmd"  -llibc.a 
<Linking>
Finished building target: "Lab3.out"
 

**** Build Finished ****

**** Build of configuration Debug for project Lab3 ****

/Applications/ti/ccs1000/ccs/utils/bin/gmake -k -j 3 all -O 
 
gmake[1]: 'Lab3.out' is up to date.

**** Build Finished ****

**** Build of configuration Debug for project Lab3 ****

/Applications/ti/ccs1000/ccs/utils/bin/gmake -k -j 3 all -O 
 
Building file: "../main.asm"
Invoking: MSP430 Compiler
"/Applications/ti/ccs1000/ccs/tools/compiler/ti-cgt-msp430_20.2.0.LTS/bin/cl430" -vmsp --code_model=small --data_model=small --use_hw_mpy=none --include_path="/Applications/ti/ccs1000/ccs/ccs_base/msp430/include" --include_path="/Users/keino/Desktop/Desktop Items/School Work/FAU - Summer 2020/CDA 3331/Labs/Lab 3/Lab3" --include_path="/Applications/ti/ccs1000/ccs/tools/compiler/ti-cgt-msp430_20.2.0.LTS/include" --advice:power=all --define=__MSP430G2553__ -g --printf_support=minimal --diag_warning=225 --diag_wrap=off --display_error_number --preproc_with_compile --preproc_dependency="main.d_raw"  "../main.asm"
Finished building: "../main.asm"
 
Building target: "Lab3.out"
Invoking: MSP430 Linker
"/Applications/ti/ccs1000/ccs/tools/compiler/ti-cgt-msp430_20.2.0.LTS/bin/cl430" -vmsp --code_model=small --data_model=small --use_hw_mpy=none --advice:power=all --define=__MSP430G2553__ -g --printf_support=minimal --diag_warning=225 --diag_wrap=off --display_error_number -z -m"Lab3.map" --heap_size=0 --stack_size=0 -i"/Applications/ti/ccs1000/ccs/ccs_base/msp430/include" -i"/Applications/ti/ccs1000/ccs/tools/compiler/ti-cgt-msp430_20.2.0.LTS/lib" -i"/Applications/ti/ccs1000/ccs/tools/compiler/ti-cgt-msp430_20.2.0.LTS/include" --reread_libs --diag_wrap=off --display_error_number --warn_sections --xml_link_info="Lab3_linkInfo.xml" --entry_point=RESET --use_hw_mpy=none -o "Lab3.out" "./main.obj" "../lnk_msp430g2553.cmd"  -llibc.a 
<Linking>
Finished building target: "Lab3.out"
 

**** Build Finished ****

**** Build of configuration Debug for project Lab3 ****

/Applications/ti/ccs1000/ccs/utils/bin/gmake -k -j 3 all -O 
 
gmake[1]: 'Lab3.out' is up to date.

**** Build Finished ****

**** Build of configuration Debug for project Lab3 ****

/Applications/ti/ccs1000/ccs/utils/bin/gmake -k -j 3 all -O 
 
gmake[1]: 'Lab3.out' is up to date.

**** Build Finished ****

**** Build of configuration Debug for project Lab3 ****

/Applications/ti/ccs1000/ccs/utils/bin/gmake -k -j 3 all -O 
 
gmake[1]: 'Lab3.out' is up to date.

**** Build Finished ****

**** Build of configuration Debug for project Lab3 ****

/Applications/ti/ccs1000/ccs/utils/bin/gmake -k -j 3 all -O 
 
Building file: "../main.asm"
Invoking: MSP430 Compiler
"/Applications/ti/ccs1000/ccs/tools/compiler/ti-cgt-msp430_20.2.0.LTS/bin/cl430" -vmsp --code_model=small --data_model=small --use_hw_mpy=none --include_path="/Applications/ti/ccs1000/ccs/ccs_base/msp430/include" --include_path="/Users/keino/Desktop/Desktop Items/School Work/FAU - Summer 2020/CDA 3331/Labs/Lab 3/Lab3" --include_path="/Applications/ti/ccs1000/ccs/tools/compiler/ti-cgt-msp430_20.2.0.LTS/include" --advice:power=all --define=__MSP430G2553__ -g --printf_support=minimal --diag_warning=225 --diag_wrap=off --display_error_number --preproc_with_compile --preproc_dependency="main.d_raw"  "../main.asm"
Finished building: "../main.asm"
 
Building target: "Lab3.out"
Invoking: MSP430 Linker
"/Applications/ti/ccs1000/ccs/tools/compiler/ti-cgt-msp430_20.2.0.LTS/bin/cl430" -vmsp --code_model=small --data_model=small --use_hw_mpy=none --advice:power=all --define=__MSP430G2553__ -g --printf_support=minimal --diag_warning=225 --diag_wrap=off --display_error_number -z -m"Lab3.map" --heap_size=0 --stack_size=0 -i"/Applications/ti/ccs1000/ccs/ccs_base/msp430/include" -i"/Applications/ti/ccs1000/ccs/tools/compiler/ti-cgt-msp430_20.2.0.LTS/lib" -i"/Applications/ti/ccs1000/ccs/tools/compiler/ti-cgt-msp430_20.2.0.LTS/include" --reread_libs --diag_wrap=off --display_error_number --warn_sections --xml_link_info="Lab3_linkInfo.xml" --entry_point=RESET --use_hw_mpy=none -o "Lab3.out" "./main.obj" "../lnk_msp430g2553.cmd"  -llibc.a 
<Linking>
Finished building target: "Lab3.out"
 

**** Build Finished ****

**** Build of configuration Debug for project Lab3 ****

/Applications/ti/ccs1000/ccs/utils/bin/gmake -k -j 3 all -O 
 
gmake[1]: 'Lab3.out' is up to date.

**** Build Finished ****

**** Build of configuration Debug for project Lab3 ****

/Applications/ti/ccs1000/ccs/utils/bin/gmake -k -j 3 all -O 
 
Building file: "../main.asm"
Invoking: MSP430 Compiler
"/Applications/ti/ccs1000/ccs/tools/compiler/ti-cgt-msp430_20.2.0.LTS/bin/cl430" -vmsp --code_model=small --data_model=small --use_hw_mpy=none --include_path="/Applications/ti/ccs1000/ccs/ccs_base/msp430/include" --include_path="/Users/keino/Desktop/Desktop Items/School Work/FAU - Summer 2020/CDA 3331/Labs/Lab 3/Lab3" --include_path="/Applications/ti/ccs1000/ccs/tools/compiler/ti-cgt-msp430_20.2.0.LTS/include" --advice:power=all --define=__MSP430G2553__ -g --printf_support=minimal --diag_warning=225 --diag_wrap=off --display_error_number --preproc_with_compile --preproc_dependency="main.d_raw"  "../main.asm"
Finished building: "../main.asm"
 
Building target: "Lab3.out"
Invoking: MSP430 Linker
"/Applications/ti/ccs1000/ccs/tools/compiler/ti-cgt-msp430_20.2.0.LTS/bin/cl430" -vmsp --code_model=small --data_model=small --use_hw_mpy=none --advice:power=all --define=__MSP430G2553__ -g --printf_support=minimal --diag_warning=225 --diag_wrap=off --display_error_number -z -m"Lab3.map" --heap_size=0 --stack_size=0 -i"/Applications/ti/ccs1000/ccs/ccs_base/msp430/include" -i"/Applications/ti/ccs1000/ccs/tools/compiler/ti-cgt-msp430_20.2.0.LTS/lib" -i"/Applications/ti/ccs1000/ccs/tools/compiler/ti-cgt-msp430_20.2.0.LTS/include" --reread_libs --diag_wrap=off --display_error_number --warn_sections --xml_link_info="Lab3_linkInfo.xml" --entry_point=RESET --use_hw_mpy=none -o "Lab3.out" "./main.obj" "../lnk_msp430g2553.cmd"  -llibc.a 
<Linking>
Finished building target: "Lab3.out"
 

**** Build Finished ****

**** Build of configuration Debug for project Lab3 ****

/Applications/ti/ccs1000/ccs/utils/bin/gmake -k -j 3 all -O 
 
gmake[1]: 'Lab3.out' is up to date.

**** Build Finished ****

**** Build of configuration Debug for project Lab3 ****

/Applications/ti/ccs1000/ccs/utils/bin/gmake -k -j 3 all -O 
 
Building file: "../main.asm"
Invoking: MSP430 Compiler
"/Applications/ti/ccs1000/ccs/tools/compiler/ti-cgt-msp430_20.2.0.LTS/bin/cl430" -vmsp --code_model=small --data_model=small --use_hw_mpy=none --include_path="/Applications/ti/ccs1000/ccs/ccs_base/msp430/include" --include_path="/Users/keino/Desktop/Desktop Items/School Work/FAU - Summer 2020/CDA 3331/Labs/Lab 3/Lab3" --include_path="/Applications/ti/ccs1000/ccs/tools/compiler/ti-cgt-msp430_20.2.0.LTS/include" --advice:power=all --define=__MSP430G2553__ -g --printf_support=minimal --diag_warning=225 --diag_wrap=off --display_error_number --preproc_with_compile --preproc_dependency="main.d_raw"  "../main.asm"
Finished building: "../main.asm"
 
Building target: "Lab3.out"
Invoking: MSP430 Linker
"/Applications/ti/ccs1000/ccs/tools/compiler/ti-cgt-msp430_20.2.0.LTS/bin/cl430" -vmsp --code_model=small --data_model=small --use_hw_mpy=none --advice:power=all --define=__MSP430G2553__ -g --printf_support=minimal --diag_warning=225 --diag_wrap=off --display_error_number -z -m"Lab3.map" --heap_size=0 --stack_size=0 -i"/Applications/ti/ccs1000/ccs/ccs_base/msp430/include" -i"/Applications/ti/ccs1000/ccs/tools/compiler/ti-cgt-msp430_20.2.0.LTS/lib" -i"/Applications/ti/ccs1000/ccs/tools/compiler/ti-cgt-msp430_20.2.0.LTS/include" --reread_libs --diag_wrap=off --display_error_number --warn_sections --xml_link_info="Lab3_linkInfo.xml" --entry_point=RESET --use_hw_mpy=none -o "Lab3.out" "./main.obj" "../lnk_msp430g2553.cmd"  -llibc.a 
<Linking>
Finished building target: "Lab3.out"
 

**** Build Finished ****

**** Build of configuration Debug for project Lab3 ****

/Applications/ti/ccs1000/ccs/utils/bin/gmake -k -j 3 all -O 
 
gmake[1]: 'Lab3.out' is up to date.

**** Build Finished ****

**** Build of configuration Debug for project Lab3 ****

/Applications/ti/ccs1000/ccs/utils/bin/gmake -k -j 3 all -O 
 
Building file: "../main.asm"
Invoking: MSP430 Compiler
"/Applications/ti/ccs1000/ccs/tools/compiler/ti-cgt-msp430_20.2.0.LTS/bin/cl430" -vmsp --code_model=small --data_model=small --use_hw_mpy=none --include_path="/Applications/ti/ccs1000/ccs/ccs_base/msp430/include" --include_path="/Users/keino/Desktop/Desktop Items/School Work/FAU - Summer 2020/CDA 3331/Labs/Lab 3/Lab3" --include_path="/Applications/ti/ccs1000/ccs/tools/compiler/ti-cgt-msp430_20.2.0.LTS/include" --advice:power=all --define=__MSP430G2553__ -g --printf_support=minimal --diag_warning=225 --diag_wrap=off --display_error_number --preproc_with_compile --preproc_dependency="main.d_raw"  "../main.asm"
Finished building: "../main.asm"
 
Building target: "Lab3.out"
Invoking: MSP430 Linker
"/Applications/ti/ccs1000/ccs/tools/compiler/ti-cgt-msp430_20.2.0.LTS/bin/cl430" -vmsp --code_model=small --data_model=small --use_hw_mpy=none --advice:power=all --define=__MSP430G2553__ -g --printf_support=minimal --diag_warning=225 --diag_wrap=off --display_error_number -z -m"Lab3.map" --heap_size=0 --stack_size=0 -i"/Applications/ti/ccs1000/ccs/ccs_base/msp430/include" -i"/Applications/ti/ccs1000/ccs/tools/compiler/ti-cgt-msp430_20.2.0.LTS/lib" -i"/Applications/ti/ccs1000/ccs/tools/compiler/ti-cgt-msp430_20.2.0.LTS/include" --reread_libs --diag_wrap=off --display_error_number --warn_sections --xml_link_info="Lab3_linkInfo.xml" --entry_point=RESET --use_hw_mpy=none -o "Lab3.out" "./main.obj" "../lnk_msp430g2553.cmd"  -llibc.a 
<Linking>
Finished building target: "Lab3.out"
 

**** Build Finished ****

**** Build of configuration Debug for project Lab3 ****

/Applications/ti/ccs1000/ccs/utils/bin/gmake -k -j 3 all -O 
 
gmake[1]: 'Lab3.out' is up to date.

**** Build Finished ****

**** Build of configuration Debug for project Lab3 ****

/Applications/ti/ccs1000/ccs/utils/bin/gmake -k -j 3 all -O 
 
gmake[1]: 'Lab3.out' is up to date.

**** Build Finished ****

**** Build of configuration Debug for project Lab3 ****

/Applications/ti/ccs1000/ccs/utils/bin/gmake -k -j 3 all -O 
 
gmake[1]: 'Lab3.out' is up to date.

**** Build Finished ****

**** Build of configuration Debug for project Lab3 ****

/Applications/ti/ccs1000/ccs/utils/bin/gmake -k -j 3 all -O 
 
Building file: "../main.asm"
Invoking: MSP430 Compiler
"/Applications/ti/ccs1000/ccs/tools/compiler/ti-cgt-msp430_20.2.0.LTS/bin/cl430" -vmsp --code_model=small --data_model=small --use_hw_mpy=none --include_path="/Applications/ti/ccs1000/ccs/ccs_base/msp430/include" --include_path="/Users/keino/Desktop/Desktop Items/School Work/FAU - Summer 2020/CDA 3331/Labs/Lab 3/Lab3" --include_path="/Applications/ti/ccs1000/ccs/tools/compiler/ti-cgt-msp430_20.2.0.LTS/include" --advice:power=all --define=__MSP430G2553__ -g --printf_support=minimal --diag_warning=225 --diag_wrap=off --display_error_number --preproc_with_compile --preproc_dependency="main.d_raw"  "../main.asm"
Finished building: "../main.asm"
 
Building target: "Lab3.out"
Invoking: MSP430 Linker
"/Applications/ti/ccs1000/ccs/tools/compiler/ti-cgt-msp430_20.2.0.LTS/bin/cl430" -vmsp --code_model=small --data_model=small --use_hw_mpy=none --advice:power=all --define=__MSP430G2553__ -g --printf_support=minimal --diag_warning=225 --diag_wrap=off --display_error_number -z -m"Lab3.map" --heap_size=0 --stack_size=0 -i"/Applications/ti/ccs1000/ccs/ccs_base/msp430/include" -i"/Applications/ti/ccs1000/ccs/tools/compiler/ti-cgt-msp430_20.2.0.LTS/lib" -i"/Applications/ti/ccs1000/ccs/tools/compiler/ti-cgt-msp430_20.2.0.LTS/include" --reread_libs --diag_wrap=off --display_error_number --warn_sections --xml_link_info="Lab3_linkInfo.xml" --entry_point=RESET --use_hw_mpy=none -o "Lab3.out" "./main.obj" "../lnk_msp430g2553.cmd"  -llibc.a 
<Linking>
Finished building target: "Lab3.out"
 

**** Build Finished ****

**** Build of configuration Debug for project Lab3 ****

/Applications/ti/ccs1000/ccs/utils/bin/gmake -k -j 3 all -O 
 
gmake[1]: 'Lab3.out' is up to date.

**** Build Finished ****

**** Build of configuration Debug for project Lab3 ****

/Applications/ti/ccs1000/ccs/utils/bin/gmake -k -j 3 all -O 
 
gmake[1]: 'Lab3.out' is up to date.

**** Build Finished ****

**** Build of configuration Debug for project Lab3 ****

/Applications/ti/ccs1000/ccs/utils/bin/gmake -k -j 3 all -O 
 
gmake[1]: 'Lab3.out' is up to date.

**** Build Finished ****

**** Build of configuration Debug for project Lab3 ****

/Applications/ti/ccs1000/ccs/utils/bin/gmake -k -j 3 all -O 
 
gmake[1]: 'Lab3.out' is up to date.

**** Build Finished ****

**** Build of configuration Debug for project Lab3 ****

/Applications/ti/ccs1000/ccs/utils/bin/gmake -k -j 3 all -O 
 
gmake[1]: 'Lab3.out' is up to date.

**** Build Finished ****

**** Build of configuration Debug for project Lab3 ****

/Applications/ti/ccs1000/ccs/utils/bin/gmake -k -j 3 all -O 
 
gmake[1]: 'Lab3.out' is up to date.

**** Build Finished ****

**** Build of configuration Debug for project Lab3 ****

/Applications/ti/ccs1000/ccs/utils/bin/gmake -k -j 3 all -O 
 
gmake[1]: 'Lab3.out' is up to date.

**** Build Finished ****

**** Build of configuration Debug for project Lab3 ****

/Applications/ti/ccs1000/ccs/utils/bin/gmake -k -j 3 all -O 
 
gmake[1]: 'Lab3.out' is up to date.

**** Build Finished ****

**** Build of configuration Debug for project Lab3 ****

/Applications/ti/ccs1000/ccs/utils/bin/gmake -k -j 3 all -O 
 
gmake[1]: 'Lab3.out' is up to date.

**** Build Finished ****

**** Build of configuration Debug for project Lab3 ****

/Applications/ti/ccs1000/ccs/utils/bin/gmake -k -j 3 all -O 
 
gmake[1]: 'Lab3.out' is up to date.

**** Build Finished ****

**** Build of configuration Debug for project Lab3 ****

/Applications/ti/ccs1000/ccs/utils/bin/gmake -k -j 3 all -O 
 
gmake[1]: 'Lab3.out' is up to date.

**** Build Finished ****

**** Build of configuration Debug for project Lab3 ****

/Applications/ti/ccs1000/ccs/utils/bin/gmake -k -j 3 all -O 
 
gmake[1]: 'Lab3.out' is up to date.

**** Build Finished ****

**** Build of configuration Debug for project Lab3 ****

/Applications/ti/ccs1000/ccs/utils/bin/gmake -k -j 3 all -O 
 
gmake[1]: 'Lab3.out' is up to date.

**** Build Finished ****

**** Build of configuration Debug for project Lab3 ****

/Applications/ti/ccs1000/ccs/utils/bin/gmake -k -j 3 all -O 
 
gmake[1]: 'Lab3.out' is up to date.

**** Build Finished ****
