
**** Build of configuration Debug for project Lab0 ****

/Applications/ti/ccs1000/ccs/utils/bin/gmake -k -j 3 all -O 
 
Building file: "../main.asm"
Invoking: MSP430 Compiler
"/Applications/ti/ccs1000/ccs/tools/compiler/ti-cgt-msp430_20.2.0.LTS/bin/cl430" -vmspx --code_model=small --data_model=small --use_hw_mpy=F5 --include_path="/Applications/ti/ccs1000/ccs/ccs_base/msp430/include" --include_path="/Users/keino/Desktop/Desktop Items/School Work/FAU - Summer 2020/CDA 3331/Labs/Lab 0/Lab0" --include_path="/Applications/ti/ccs1000/ccs/tools/compiler/ti-cgt-msp430_20.2.0.LTS/include" --advice:power=all --define=__CC430F5123__ -g --printf_support=minimal --diag_warning=225 --diag_wrap=off --display_error_number --silicon_errata=CPU21 --silicon_errata=CPU22 --silicon_errata=CPU40 --preproc_with_compile --preproc_dependency="main.d_raw"  "../main.asm"
No Assembly Errors, 1 Assembly Warning
"../main.asm", WARNING! at line 42: [W5369] Silicon Errata CPU40: A jump instruction at the end of a section should be followed by a NOP.
	Mainloop jmp Mainloop 		;Infinite Loop
 
Finished building: "../main.asm"
 
Building target: "Lab0.out"
Invoking: MSP430 Linker
"/Applications/ti/ccs1000/ccs/tools/compiler/ti-cgt-msp430_20.2.0.LTS/bin/cl430" -vmspx --code_model=small --data_model=small --use_hw_mpy=F5 --advice:power=all --define=__CC430F5123__ -g --printf_support=minimal --diag_warning=225 --diag_wrap=off --display_error_number --silicon_errata=CPU21 --silicon_errata=CPU22 --silicon_errata=CPU40 -z -m"Lab0.map" --heap_size=0 --stack_size=0 -i"/Applications/ti/ccs1000/ccs/ccs_base/msp430/include" -i"/Applications/ti/ccs1000/ccs/ccs_base/msp430/lib/5xx_6xx_FRxx" -i"/Applications/ti/ccs1000/ccs/tools/compiler/ti-cgt-msp430_20.2.0.LTS/lib" -i"/Applications/ti/ccs1000/ccs/tools/compiler/ti-cgt-msp430_20.2.0.LTS/include" --reread_libs --diag_wrap=off --display_error_number --warn_sections --xml_link_info="Lab0_linkInfo.xml" --entry_point=RESET --use_hw_mpy=F5 -o "Lab0.out" "./main.obj" "../lnk_cc430f5123.cmd"  -llibmath.a -llibc.a 
<Linking>
warning #10366-D: automatic library build: using library "/Applications/ti/ccs1000/ccs/tools/compiler/ti-cgt-msp430_20.2.0.LTS/lib/rts430x_sc_sd_eabi.lib" for the first time, so it must be built.  This may take a few minutes.
Creating library /var/folders/0h/9svxsr0s1fx_t4r7f1bcz81r0000gq/T//TI_MKLIBTMRDmf/rts430x_sc_sd_eabi.lib
Finished building target: "Lab0.out"
 

**** Build Finished ****

**** Build of configuration Debug for project Lab0 ****

/Applications/ti/ccs1000/ccs/utils/bin/gmake -k -j 3 all -O 
 
gmake[1]: 'Lab0.out' is up to date.

**** Build Finished ****

**** Build of configuration Debug for project Lab0 ****

/Applications/ti/ccs1000/ccs/utils/bin/gmake -k -j 3 all -O 
 
gmake[1]: 'Lab0.out' is up to date.

**** Build Finished ****

**** Build of configuration Debug for project Lab0 ****

/Applications/ti/ccs1000/ccs/utils/bin/gmake -k -j 3 all -O 
 
gmake[1]: 'Lab0.out' is up to date.

**** Build Finished ****

**** Build of configuration Debug for project Lab0 ****

/Applications/ti/ccs1000/ccs/utils/bin/gmake -k -j 3 all -O 
 
gmake[1]: 'Lab0.out' is up to date.

**** Build Finished ****

**** Build of configuration Debug for project Lab0 ****

/Applications/ti/ccs1000/ccs/utils/bin/gmake -k -j 3 all -O 
 
gmake[1]: 'Lab0.out' is up to date.

**** Build Finished ****

**** Build of configuration Debug for project Lab0 ****

/Applications/ti/ccs1000/ccs/utils/bin/gmake -k -j 3 all -O 
 
gmake[1]: 'Lab0.out' is up to date.

**** Build Finished ****

**** Build of configuration Debug for project Lab0 ****

/Applications/ti/ccs1000/ccs/utils/bin/gmake -k -j 3 all -O 
 
gmake[1]: 'Lab0.out' is up to date.

**** Build Finished ****

**** Build of configuration Debug for project Lab0 ****

/Applications/ti/ccs1000/ccs/utils/bin/gmake -k -j 3 all -O 
 
gmake[1]: 'Lab0.out' is up to date.

**** Build Finished ****

**** Clean-only build of configuration Debug for project Lab0 ****

/Applications/ti/ccs1000/ccs/utils/bin/gmake -k -j 3 clean -O 
 
rm -rf  "Lab0.hex"  "Lab0.out" 
rm -rf "main.obj" 
rm -rf "main.d" 
Finished clean
 

**** Build Finished ****

**** Build of configuration Debug for project Lab0 ****

/Applications/ti/ccs1000/ccs/utils/bin/gmake -k -j 3 all -O 
 
Building file: "../main.asm"
Invoking: MSP430 Compiler
"/Applications/ti/ccs1000/ccs/tools/compiler/ti-cgt-msp430_20.2.0.LTS/bin/cl430" -vmspx --code_model=small --data_model=small --use_hw_mpy=F5 --include_path="/Applications/ti/ccs1000/ccs/ccs_base/msp430/include" --include_path="/Users/keino/Desktop/Desktop Items/School Work/FAU - Summer 2020/CDA 3331/Labs/Lab 0/Lab0" --include_path="/Applications/ti/ccs1000/ccs/tools/compiler/ti-cgt-msp430_20.2.0.LTS/include" --advice:power=all --define=__CC430F5123__ -g --printf_support=minimal --diag_warning=225 --diag_wrap=off --display_error_number --silicon_errata=CPU21 --silicon_errata=CPU22 --silicon_errata=CPU40 --preproc_with_compile --preproc_dependency="main.d_raw"  "../main.asm"
No Assembly Errors, 1 Assembly Warning
"../main.asm", WARNING! at line 42: [W5369] Silicon Errata CPU40: A jump instruction at the end of a section should be followed by a NOP.
	Mainloop jmp Mainloop 		;Infinite Loop
 
Finished building: "../main.asm"
 
Building target: "Lab0.out"
Invoking: MSP430 Linker
"/Applications/ti/ccs1000/ccs/tools/compiler/ti-cgt-msp430_20.2.0.LTS/bin/cl430" -vmspx --code_model=small --data_model=small --use_hw_mpy=F5 --advice:power=all --define=__CC430F5123__ -g --printf_support=minimal --diag_warning=225 --diag_wrap=off --display_error_number --silicon_errata=CPU21 --silicon_errata=CPU22 --silicon_errata=CPU40 -z -m"Lab0.map" --heap_size=0 --stack_size=0 -i"/Applications/ti/ccs1000/ccs/ccs_base/msp430/include" -i"/Applications/ti/ccs1000/ccs/ccs_base/msp430/lib/5xx_6xx_FRxx" -i"/Applications/ti/ccs1000/ccs/tools/compiler/ti-cgt-msp430_20.2.0.LTS/lib" -i"/Applications/ti/ccs1000/ccs/tools/compiler/ti-cgt-msp430_20.2.0.LTS/include" --reread_libs --diag_wrap=off --display_error_number --warn_sections --xml_link_info="Lab0_linkInfo.xml" --entry_point=RESET --use_hw_mpy=F5 -o "Lab0.out" "./main.obj" "../lnk_cc430f5123.cmd"  -llibmath.a -llibc.a 
<Linking>
Finished building target: "Lab0.out"
 

**** Build Finished ****

**** Build of configuration Debug for project Lab0 ****

/Applications/ti/ccs1000/ccs/utils/bin/gmake -k -j 3 all -O 
 
gmake[1]: 'Lab0.out' is up to date.

**** Build Finished ****

**** Build of configuration Debug for project Lab0 ****

/Applications/ti/ccs1000/ccs/utils/bin/gmake -k -j 3 all -O 
 
gmake[1]: 'Lab0.out' is up to date.

**** Build Finished ****

**** Clean-only build of configuration Debug for project Lab0 ****

/Applications/ti/ccs1000/ccs/utils/bin/gmake -k -j 3 clean -O 
 
rm -rf  "Lab0.hex"  "Lab0.out" 
rm -rf "main.obj" 
rm -rf "main.d" 
Finished clean
 

**** Build Finished ****

**** Build of configuration Debug for project Lab0 ****

/Applications/ti/ccs1000/ccs/utils/bin/gmake -k -j 3 all -O 
 
Building file: "../main.asm"
Invoking: MSP430 Compiler
"/Applications/ti/ccs1000/ccs/tools/compiler/ti-cgt-msp430_20.2.0.LTS/bin/cl430" -vmsp --code_model=small --data_model=small --use_hw_mpy=none --include_path="/Applications/ti/ccs1000/ccs/ccs_base/msp430/include" --include_path="/Users/keino/Desktop/Desktop Items/School Work/FAU - Summer 2020/CDA 3331/Labs/Lab 0/Lab0" --include_path="/Applications/ti/ccs1000/ccs/tools/compiler/ti-cgt-msp430_20.2.0.LTS/include" --advice:power=all --define=__MSP430G2553__ -g --printf_support=minimal --diag_warning=225 --diag_wrap=off --display_error_number --preproc_with_compile --preproc_dependency="main.d_raw"  "../main.asm"
Finished building: "../main.asm"
 
Building target: "Lab0.out"
Invoking: MSP430 Linker
"/Applications/ti/ccs1000/ccs/tools/compiler/ti-cgt-msp430_20.2.0.LTS/bin/cl430" -vmsp --code_model=small --data_model=small --use_hw_mpy=none --advice:power=all --define=__MSP430G2553__ -g --printf_support=minimal --diag_warning=225 --diag_wrap=off --display_error_number -z -m"Lab0.map" --heap_size=0 --stack_size=0 -i"/Applications/ti/ccs1000/ccs/ccs_base/msp430/include" -i"/Applications/ti/ccs1000/ccs/tools/compiler/ti-cgt-msp430_20.2.0.LTS/lib" -i"/Applications/ti/ccs1000/ccs/tools/compiler/ti-cgt-msp430_20.2.0.LTS/include" --reread_libs --diag_wrap=off --display_error_number --warn_sections --xml_link_info="Lab0_linkInfo.xml" --entry_point=RESET --use_hw_mpy=none -o "Lab0.out" "./main.obj" "../lnk_msp430g2553.cmd"  -llibc.a 
<Linking>
Finished building target: "Lab0.out"
 

**** Build Finished ****

**** Build of configuration Debug for project Lab0 ****

/Applications/ti/ccs1000/ccs/utils/bin/gmake -k -j 3 all -O 
 
gmake[1]: 'Lab0.out' is up to date.

**** Build Finished ****

**** Build of configuration Debug for project Lab0 ****

/Applications/ti/ccs1000/ccs/utils/bin/gmake -k -j 3 all -O 
 
gmake[1]: 'Lab0.out' is up to date.

**** Build Finished ****

**** Build of configuration Debug for project Lab0 ****

/Applications/ti/ccs1000/ccs/utils/bin/gmake -k -j 3 all -O 
 
gmake[1]: 'Lab0.out' is up to date.

**** Build Finished ****

**** Build of configuration Debug for project Lab0 ****

/Applications/ti/ccs1000/ccs/utils/bin/gmake -k -j 3 all -O 
 
gmake[1]: 'Lab0.out' is up to date.

**** Build Finished ****

**** Build of configuration Debug for project Lab0 ****

/Applications/ti/ccs1000/ccs/utils/bin/gmake -k -j 3 all -O 
 
gmake[1]: 'Lab0.out' is up to date.

**** Build Finished ****

**** Build of configuration Debug for project Lab0 ****

/Applications/ti/ccs1000/ccs/utils/bin/gmake -k -j 3 all -O 
 
gmake[1]: 'Lab0.out' is up to date.

**** Build Finished ****

**** Build of configuration Debug for project Lab0 ****

/Applications/ti/ccs1000/ccs/utils/bin/gmake -k -j 3 all -O 
 
gmake[1]: 'Lab0.out' is up to date.

**** Build Finished ****

**** Build of configuration Debug for project Lab0 ****

/Applications/ti/ccs1000/ccs/utils/bin/gmake -k -j 3 all -O 
 
gmake[1]: 'Lab0.out' is up to date.

**** Build Finished ****

**** Build of configuration Debug for project Lab0 ****

/Applications/ti/ccs1000/ccs/utils/bin/gmake -k -j 3 all -O 
 
gmake[1]: 'Lab0.out' is up to date.

**** Build Finished ****

**** Build of configuration Debug for project Lab0 ****

/Applications/ti/ccs1000/ccs/utils/bin/gmake -k -j 3 all -O 
 
gmake[1]: 'Lab0.out' is up to date.

**** Build Finished ****

**** Build of configuration Debug for project Lab0 ****

/Applications/ti/ccs1000/ccs/utils/bin/gmake -k -j 3 all -O 
 
gmake[1]: 'Lab0.out' is up to date.

**** Build Finished ****

**** Build of configuration Debug for project Lab0 ****

/Applications/ti/ccs1000/ccs/utils/bin/gmake -k -j 3 all -O 
 
gmake[1]: 'Lab0.out' is up to date.

**** Build Finished ****

**** Build of configuration Debug for project Lab0 ****

/Applications/ti/ccs1000/ccs/utils/bin/gmake -k -j 3 all -O 
 
gmake[1]: 'Lab0.out' is up to date.

**** Build Finished ****

**** Build of configuration Debug for project Lab0 ****

/Applications/ti/ccs1000/ccs/utils/bin/gmake -k -j 3 all -O 
 
gmake[1]: 'Lab0.out' is up to date.

**** Build Finished ****

**** Build of configuration Debug for project Lab0 ****

/Applications/ti/ccs1000/ccs/utils/bin/gmake -k -j 3 all -O 
 
gmake[1]: 'Lab0.out' is up to date.

**** Build Finished ****

**** Build of configuration Debug for project Lab0 ****

/Applications/ti/ccs1000/ccs/utils/bin/gmake -k -j 3 all -O 
 
gmake[1]: 'Lab0.out' is up to date.

**** Build Finished ****

**** Build of configuration Debug for project Lab0 ****

/Applications/ti/ccs1000/ccs/utils/bin/gmake -k -j 3 all -O 
 
gmake[1]: 'Lab0.out' is up to date.

**** Build Finished ****

**** Build of configuration Debug for project Lab0 ****

/Applications/ti/ccs1000/ccs/utils/bin/gmake -k -j 3 all -O 
 
gmake[1]: 'Lab0.out' is up to date.

**** Build Finished ****

**** Build of configuration Debug for project Lab0 ****

/Applications/ti/ccs1000/ccs/utils/bin/gmake -k -j 3 all -O 
 
gmake[1]: 'Lab0.out' is up to date.

**** Build Finished ****

**** Build of configuration Debug for project Lab0 ****

/Applications/ti/ccs1000/ccs/utils/bin/gmake -k -j 3 all -O 
 
gmake[1]: 'Lab0.out' is up to date.

**** Build Finished ****

**** Build of configuration Debug for project Lab0 ****

/Applications/ti/ccs1000/ccs/utils/bin/gmake -k -j 3 all -O 
 
gmake[1]: 'Lab0.out' is up to date.

**** Build Finished ****

**** Build of configuration Debug for project Lab0 ****

/Applications/ti/ccs1000/ccs/utils/bin/gmake -k -j 3 all -O 
 
gmake[1]: 'Lab0.out' is up to date.

**** Build Finished ****

**** Build of configuration Debug for project Lab0 ****

/Applications/ti/ccs1000/ccs/utils/bin/gmake -k -j 3 all -O 
 
gmake[1]: 'Lab0.out' is up to date.

**** Build Finished ****
